ERROR - [ValueError]b'a:4:{s:5:"achat";a:4:{i:0;s:8:"PLATEAUX";i:1;s:7:"VINCENT";i:2;s:29:"vincent.plateaux@inodesign.fr";i:3;s:10:"0784409562";}s:10:"technicien";a:4:{i:0;s:8:"PLATEAUX";i:1;s:7:"VINCENT";i:2;s:29:"vincent.plateaux@inodesign.fr";i:3;s:10:"0784409562";}s:9:"livraison";a:10:{i:0;s:9:"INODESIGN";i:1;s:18:"SERVICE PRODUCTION";i:2;s:25:"8 ALLEE DE LA BRIQUETERIE";i:3;s:5:"59650";i:4;s:18:"VILLENEUVE D\'ASCQ";i:5;s:6:"France";i:6;s:8:"PLATEAUX";i:7;s:7:"VINCENT";i:8;s:29:"vincent.plateaux@inodesign.fr";i:9;s:10:"0784409562";}s:11:"facturation";a:10:{i:0;s:9:"INODESIGN";i:1;s:18:"SERVICE PRODUCTION";i:2;s:25:"8 ALLEE DE LA BRIQUETERIE";i:3;s:5:"59650";i:4;s:18:"VILLENEUVE D\'ASCQ";i:5;s:6:"France";i:6;s:8:"CORONADO";i:7;s:7:"MICKAEL";i:8;s:20:"mickael@inodesign.fr";i:9;s:10:"0784409562";}}'
ERROR - [ValueError]b'a:4:{s:5:"achat";a:4:{i:0;s:6:"GOUDIN";i:1;s:4:"Eric";i:2;s:18:"pao@electronie.com";i:3;s:12:" 33492282900";}s:10:"technicien";a:4:{i:0;s:6:"GOUDIN";i:1;s:4:"Eric";i:2;s:18:"pao@electronie.com";i:3;s:12:" 33492282900";}s:9:"livraison";a:10:{i:0;s:10:"ELECTRONIE";i:1;s:26:"Lot 53 Voie E ZI L\'ARGILE";i:2;s:0:"";i:3;s:5:"06370";i:4;s:14:"MOUANS-SARTOUX";i:5;s:6:"France";i:6;s:6:"GOUDIN";i:7;s:4:"Eric";i:8;s:18:"pao@electronie.com";i:9;s:12:" 33492282900";}s:11:"facturation";a:10:{i:0;s:10:"ELECTRONIE";i:1;s:26:"Lot 53 Voie E ZI L\'ARGILE";i:2;s:0:"";i:3;s:5:"06370";i:4;s:14:"MOUANS-SARTOUX";i:5;s:6:"France";i:6;s:6:"GOUDIN";i:7;s:4:"Eric";i:8;s:18:"pao@electronie.com";i:9;s:12:" 33492282900";}}'
ERROR - [ValueError]b'a:4:{s:5:"achat";a:4:{i:0;s:6:"ZENNER";i:1;s:6:"Aurore";i:2;s:26:"info@estelec-industrie.com";i:3;s:20:"+33 (0)3 88 82 61 08";}s:10:"technicien";a:4:{i:0;s:7:"JANIAUD";i:1;s:5:"Cyril";i:2;s:35:"cyril.janiaud@estelec-industrie.com";i:3;s:20:"+33 (0)3 88 82 61 00";}s:9:"livraison";a:10:{i:0;s:7:"Estelec";i:1;s:48:"Parc d\'activit\xc3\xa9s du Giessen, Rue du Sommerberg";i:2;s:0:"";i:3;s:5:"67750";i:4;s:11:"SCHERWILLER";i:5;s:6:"France";i:6;s:6:"ZENNER";i:7;s:6:"Aurore";i:8;s:26:"info@estelec-industrie.com";i:9;s:20:"+33 (0)3 88 82 61 00";}s:11:"facturation";a:10:{i:0;s:7:"Estelec";i:1;s:48:"Parc d\'activit\xc3\xa9s du Giessen, Rue du Sommerberg";i:2;s:0:"";i:3;s:5:"67750";i:4;s:11:"SCHERWILLER";i:5;s:6:"France";i:6;s:6:"ZENNER";i:7;s:6:"Aurore";i:8;s:26:"info@estelec-industrie.com";i:9;s:20:"+33 (0)3 88 82 61 00";}}'
ERROR - [ValueError]b'a:4:{s:5:"achat";a:4:{i:0;s:5:"MICOU";i:1;s:6:"K\xc3\xa9vin";i:2;s:20:"kevinmicou@orange.fr";i:3;s:10:"0612207227";}s:10:"technicien";a:4:{i:0;s:5:"MICOU";i:1;s:6:"K\xc3\xa9vin";i:2;s:20:"kevinmicou@orange.fr";i:3;s:10:"0612207227";}s:9:"livraison";a:10:{i:0;s:12:"MICOU K\xc3\xa9vin";i:1;s:19:"20 Avenue d\'Angers";i:2;s:0:"";i:3;s:5:"49430";i:4;s:6:"DURTAL";i:5;s:6:"France";i:6;s:5:"MICOU";i:7;s:6:"K\xc3\xa9vin";i:8;s:20:"kevinmicou@orange.fr";i:9;s:10:"0612207227";}s:11:"facturation";a:10:{i:0;s:12:"MICOU K\xc3\xa9vin";i:1;s:19:"20 Avenue d\'Angers";i:2;s:0:"";i:3;s:5:"49430";i:4;s:6:"DURTAL";i:5;s:6:"France";i:6;s:5:"MICOU";i:7;s:6:"K\xc3\xa9vin";i:8;s:20:"kevinmicou@orange.fr";i:9;s:10:"0612207227";}}'
ERROR - [ValueError]b'a:4:{s:5:"achat";a:4:{i:0;s:4:"Joel";i:1;s:8:"ROESSNER";i:2;s:22:"billing@strataggem.com";i:3;s:10:"0678551301";}s:10:"technicien";a:4:{i:0;s:4:"Joel";i:1;s:8:"ROESSNER";i:2;s:28:"joel.roessner@strataggem.com";i:3;s:10:"0678551301";}s:9:"livraison";a:10:{i:0;s:10:"STRATAGGEM";i:1;s:24:"36 rue de l\'Universit\xc3\xa9";i:2;s:0:"";i:3;s:5:"67000";i:4;s:10:"STRASBOURG";i:5;s:6:"France";i:6;s:4:"Joel";i:7;s:8:"ROESSNER";i:8;s:22:"billing@strataggem.com";i:9;s:10:"0678551301";}s:11:"facturation";a:10:{i:0;s:10:"STRATAGGEM";i:1;s:24:"36 rue de l\'Universit\xc3\xa9";i:2;s:0:"";i:3;s:5:"67000";i:4;s:10:"STRASBOURG";i:5;s:6:"France";i:6;s:4:"Joel";i:7;s:8:"ROESSNER";i:8;s:22:"billing@strataggem.com";i:9;s:10:"0678551301";}}'
ERROR - [ValueError]b'a:4:{s:5:"achat";a:4:{i:0;s:8:"PLATEAUX";i:1;s:7:"VINCENT";i:2;s:29:"vincent.plateaux@inodesign.fr";i:3;s:10:"0784409562";}s:10:"technicien";a:4:{i:0;s:8:"PLATEAUX";i:1;s:7:"VINCENT";i:2;s:29:"vincent.plateaux@inodesign.fr";i:3;s:10:"0784409562";}s:9:"livraison";a:10:{i:0;s:9:"INODESIGN";i:1;s:18:"SERVICE PRODUCTION";i:2;s:25:"8 ALLEE DE LA BRIQUETERIE";i:3;s:5:"59650";i:4;s:18:"VILLENEUVE D\'ASCQ";i:5;s:6:"France";i:6;s:8:"PLATEAUX";i:7;s:7:"VINCENT";i:8;s:29:"vincent.plateaux@inodesign.fr";i:9;s:10:"0784409562";}s:11:"facturation";a:10:{i:0;s:9:"INODESIGN";i:1;s:18:"SERVICE PRODUCTION";i:2;s:25:"8 ALLEE DE LA BRIQUETERIE";i:3;s:5:"59650";i:4;s:18:"VILLENEUVE D\'ASCQ";i:5;s:6:"France";i:6;s:8:"CORONADO";i:7;s:7:"MICKAEL";i:8;s:20:"mickael@inodesign.fr";i:9;s:10:"0784409562";}}'
ERROR - [ValueError]b'a:4:{s:5:"achat";a:4:{i:0;s:6:"GOUDIN";i:1;s:4:"Eric";i:2;s:18:"pao@electronie.com";i:3;s:12:" 33492282900";}s:10:"technicien";a:4:{i:0;s:6:"GOUDIN";i:1;s:4:"Eric";i:2;s:18:"pao@electronie.com";i:3;s:12:" 33492282900";}s:9:"livraison";a:10:{i:0;s:10:"ELECTRONIE";i:1;s:26:"Lot 53 Voie E ZI L\'ARGILE";i:2;s:0:"";i:3;s:5:"06370";i:4;s:14:"MOUANS-SARTOUX";i:5;s:6:"France";i:6;s:6:"GOUDIN";i:7;s:4:"Eric";i:8;s:18:"pao@electronie.com";i:9;s:12:" 33492282900";}s:11:"facturation";a:10:{i:0;s:10:"ELECTRONIE";i:1;s:26:"Lot 53 Voie E ZI L\'ARGILE";i:2;s:0:"";i:3;s:5:"06370";i:4;s:14:"MOUANS-SARTOUX";i:5;s:6:"France";i:6;s:6:"GOUDIN";i:7;s:4:"Eric";i:8;s:18:"pao@electronie.com";i:9;s:12:" 33492282900";}}'
ERROR - [ValueError]b'a:4:{s:5:"achat";a:4:{i:0;s:6:"ZENNER";i:1;s:6:"Aurore";i:2;s:26:"info@estelec-industrie.com";i:3;s:20:"+33 (0)3 88 82 61 08";}s:10:"technicien";a:4:{i:0;s:7:"JANIAUD";i:1;s:5:"Cyril";i:2;s:35:"cyril.janiaud@estelec-industrie.com";i:3;s:20:"+33 (0)3 88 82 61 00";}s:9:"livraison";a:10:{i:0;s:7:"Estelec";i:1;s:48:"Parc d\'activit\xc3\xa9s du Giessen, Rue du Sommerberg";i:2;s:0:"";i:3;s:5:"67750";i:4;s:11:"SCHERWILLER";i:5;s:6:"France";i:6;s:6:"ZENNER";i:7;s:6:"Aurore";i:8;s:26:"info@estelec-industrie.com";i:9;s:20:"+33 (0)3 88 82 61 00";}s:11:"facturation";a:10:{i:0;s:7:"Estelec";i:1;s:48:"Parc d\'activit\xc3\xa9s du Giessen, Rue du Sommerberg";i:2;s:0:"";i:3;s:5:"67750";i:4;s:11:"SCHERWILLER";i:5;s:6:"France";i:6;s:6:"ZENNER";i:7;s:6:"Aurore";i:8;s:26:"info@estelec-industrie.com";i:9;s:20:"+33 (0)3 88 82 61 00";}}'
ERROR - [ValueError]b'a:4:{s:5:"achat";a:4:{i:0;s:5:"MICOU";i:1;s:6:"K\xc3\xa9vin";i:2;s:20:"kevinmicou@orange.fr";i:3;s:10:"0612207227";}s:10:"technicien";a:4:{i:0;s:5:"MICOU";i:1;s:6:"K\xc3\xa9vin";i:2;s:20:"kevinmicou@orange.fr";i:3;s:10:"0612207227";}s:9:"livraison";a:10:{i:0;s:12:"MICOU K\xc3\xa9vin";i:1;s:19:"20 Avenue d\'Angers";i:2;s:0:"";i:3;s:5:"49430";i:4;s:6:"DURTAL";i:5;s:6:"France";i:6;s:5:"MICOU";i:7;s:6:"K\xc3\xa9vin";i:8;s:20:"kevinmicou@orange.fr";i:9;s:10:"0612207227";}s:11:"facturation";a:10:{i:0;s:12:"MICOU K\xc3\xa9vin";i:1;s:19:"20 Avenue d\'Angers";i:2;s:0:"";i:3;s:5:"49430";i:4;s:6:"DURTAL";i:5;s:6:"France";i:6;s:5:"MICOU";i:7;s:6:"K\xc3\xa9vin";i:8;s:20:"kevinmicou@orange.fr";i:9;s:10:"0612207227";}}'
ERROR - [ValueError]b'a:4:{s:5:"achat";a:4:{i:0;s:4:"Joel";i:1;s:8:"ROESSNER";i:2;s:22:"billing@strataggem.com";i:3;s:10:"0678551301";}s:10:"technicien";a:4:{i:0;s:4:"Joel";i:1;s:8:"ROESSNER";i:2;s:28:"joel.roessner@strataggem.com";i:3;s:10:"0678551301";}s:9:"livraison";a:10:{i:0;s:10:"STRATAGGEM";i:1;s:24:"36 rue de l\'Universit\xc3\xa9";i:2;s:0:"";i:3;s:5:"67000";i:4;s:10:"STRASBOURG";i:5;s:6:"France";i:6;s:4:"Joel";i:7;s:8:"ROESSNER";i:8;s:22:"billing@strataggem.com";i:9;s:10:"0678551301";}s:11:"facturation";a:10:{i:0;s:10:"STRATAGGEM";i:1;s:24:"36 rue de l\'Universit\xc3\xa9";i:2;s:0:"";i:3;s:5:"67000";i:4;s:10:"STRASBOURG";i:5;s:6:"France";i:6;s:4:"Joel";i:7;s:8:"ROESSNER";i:8;s:22:"billing@strataggem.com";i:9;s:10:"0678551301";}}'
ERROR - [ValueError]b'a:4:{s:5:"achat";a:4:{i:0;s:8:"PLATEAUX";i:1;s:7:"VINCENT";i:2;s:29:"vincent.plateaux@inodesign.fr";i:3;s:10:"0784409562";}s:10:"technicien";a:4:{i:0;s:8:"PLATEAUX";i:1;s:7:"VINCENT";i:2;s:29:"vincent.plateaux@inodesign.fr";i:3;s:10:"0784409562";}s:9:"livraison";a:10:{i:0;s:9:"INODESIGN";i:1;s:18:"SERVICE PRODUCTION";i:2;s:25:"8 ALLEE DE LA BRIQUETERIE";i:3;s:5:"59650";i:4;s:18:"VILLENEUVE D\'ASCQ";i:5;s:6:"France";i:6;s:8:"PLATEAUX";i:7;s:7:"VINCENT";i:8;s:29:"vincent.plateaux@inodesign.fr";i:9;s:10:"0784409562";}s:11:"facturation";a:10:{i:0;s:9:"INODESIGN";i:1;s:18:"SERVICE PRODUCTION";i:2;s:25:"8 ALLEE DE LA BRIQUETERIE";i:3;s:5:"59650";i:4;s:18:"VILLENEUVE D\'ASCQ";i:5;s:6:"France";i:6;s:8:"CORONADO";i:7;s:7:"MICKAEL";i:8;s:20:"mickael@inodesign.fr";i:9;s:10:"0784409562";}}'
ERROR - [ValueError]b'a:4:{s:5:"achat";a:4:{i:0;s:6:"GOUDIN";i:1;s:4:"Eric";i:2;s:18:"pao@electronie.com";i:3;s:12:" 33492282900";}s:10:"technicien";a:4:{i:0;s:6:"GOUDIN";i:1;s:4:"Eric";i:2;s:18:"pao@electronie.com";i:3;s:12:" 33492282900";}s:9:"livraison";a:10:{i:0;s:10:"ELECTRONIE";i:1;s:26:"Lot 53 Voie E ZI L\'ARGILE";i:2;s:0:"";i:3;s:5:"06370";i:4;s:14:"MOUANS-SARTOUX";i:5;s:6:"France";i:6;s:6:"GOUDIN";i:7;s:4:"Eric";i:8;s:18:"pao@electronie.com";i:9;s:12:" 33492282900";}s:11:"facturation";a:10:{i:0;s:10:"ELECTRONIE";i:1;s:26:"Lot 53 Voie E ZI L\'ARGILE";i:2;s:0:"";i:3;s:5:"06370";i:4;s:14:"MOUANS-SARTOUX";i:5;s:6:"France";i:6;s:6:"GOUDIN";i:7;s:4:"Eric";i:8;s:18:"pao@electronie.com";i:9;s:12:" 33492282900";}}'
ERROR - [ValueError]b'a:4:{s:5:"achat";a:4:{i:0;s:6:"ZENNER";i:1;s:6:"Aurore";i:2;s:26:"info@estelec-industrie.com";i:3;s:20:"+33 (0)3 88 82 61 08";}s:10:"technicien";a:4:{i:0;s:7:"JANIAUD";i:1;s:5:"Cyril";i:2;s:35:"cyril.janiaud@estelec-industrie.com";i:3;s:20:"+33 (0)3 88 82 61 00";}s:9:"livraison";a:10:{i:0;s:7:"Estelec";i:1;s:48:"Parc d\'activit\xc3\xa9s du Giessen, Rue du Sommerberg";i:2;s:0:"";i:3;s:5:"67750";i:4;s:11:"SCHERWILLER";i:5;s:6:"France";i:6;s:6:"ZENNER";i:7;s:6:"Aurore";i:8;s:26:"info@estelec-industrie.com";i:9;s:20:"+33 (0)3 88 82 61 00";}s:11:"facturation";a:10:{i:0;s:7:"Estelec";i:1;s:48:"Parc d\'activit\xc3\xa9s du Giessen, Rue du Sommerberg";i:2;s:0:"";i:3;s:5:"67750";i:4;s:11:"SCHERWILLER";i:5;s:6:"France";i:6;s:6:"ZENNER";i:7;s:6:"Aurore";i:8;s:26:"info@estelec-industrie.com";i:9;s:20:"+33 (0)3 88 82 61 00";}}'
ERROR - [ValueError]b'a:4:{s:5:"achat";a:4:{i:0;s:5:"MICOU";i:1;s:6:"K\xc3\xa9vin";i:2;s:20:"kevinmicou@orange.fr";i:3;s:10:"0612207227";}s:10:"technicien";a:4:{i:0;s:5:"MICOU";i:1;s:6:"K\xc3\xa9vin";i:2;s:20:"kevinmicou@orange.fr";i:3;s:10:"0612207227";}s:9:"livraison";a:10:{i:0;s:12:"MICOU K\xc3\xa9vin";i:1;s:19:"20 Avenue d\'Angers";i:2;s:0:"";i:3;s:5:"49430";i:4;s:6:"DURTAL";i:5;s:6:"France";i:6;s:5:"MICOU";i:7;s:6:"K\xc3\xa9vin";i:8;s:20:"kevinmicou@orange.fr";i:9;s:10:"0612207227";}s:11:"facturation";a:10:{i:0;s:12:"MICOU K\xc3\xa9vin";i:1;s:19:"20 Avenue d\'Angers";i:2;s:0:"";i:3;s:5:"49430";i:4;s:6:"DURTAL";i:5;s:6:"France";i:6;s:5:"MICOU";i:7;s:6:"K\xc3\xa9vin";i:8;s:20:"kevinmicou@orange.fr";i:9;s:10:"0612207227";}}'
ERROR - [ValueError]b'a:4:{s:5:"achat";a:4:{i:0;s:4:"Joel";i:1;s:8:"ROESSNER";i:2;s:22:"billing@strataggem.com";i:3;s:10:"0678551301";}s:10:"technicien";a:4:{i:0;s:4:"Joel";i:1;s:8:"ROESSNER";i:2;s:28:"joel.roessner@strataggem.com";i:3;s:10:"0678551301";}s:9:"livraison";a:10:{i:0;s:10:"STRATAGGEM";i:1;s:24:"36 rue de l\'Universit\xc3\xa9";i:2;s:0:"";i:3;s:5:"67000";i:4;s:10:"STRASBOURG";i:5;s:6:"France";i:6;s:4:"Joel";i:7;s:8:"ROESSNER";i:8;s:22:"billing@strataggem.com";i:9;s:10:"0678551301";}s:11:"facturation";a:10:{i:0;s:10:"STRATAGGEM";i:1;s:24:"36 rue de l\'Universit\xc3\xa9";i:2;s:0:"";i:3;s:5:"67000";i:4;s:10:"STRASBOURG";i:5;s:6:"France";i:6;s:4:"Joel";i:7;s:8:"ROESSNER";i:8;s:22:"billing@strataggem.com";i:9;s:10:"0678551301";}}'
INFO - error: 0 /  good: 1 total: 1
INFO - error: 0 /  good: 2 total: 2
INFO - error: 0 /  good: 3 total: 3
INFO - error: 0 /  good: 4 total: 4
INFO - error: 0 /  good: 5 total: 5
INFO - error: 0 /  good: 6 total: 6
INFO - error: 0 /  good: 7 total: 7
INFO - error: 0 /  good: 8 total: 8
INFO - error: 0 /  good: 9 total: 9
INFO - error: 0 /  good: 10 total: 10
INFO - error: 0 /  good: 11 total: 11
INFO - error: 0 /  good: 12 total: 12
INFO - error: 0 /  good: 13 total: 13
INFO - error: 0 /  good: 14 total: 14
INFO - error: 0 /  good: 15 total: 15
INFO - error: 0 /  good: 16 total: 16
INFO - error: 0 /  good: 17 total: 17
INFO - error: 0 /  good: 18 total: 18
INFO - error: 0 /  good: 19 total: 19
INFO - error: 0 /  good: 20 total: 20
INFO - error: 0 /  good: 21 total: 21
INFO - error: 0 /  good: 22 total: 22
INFO - error: 0 /  good: 23 total: 23
INFO - error: 0 /  good: 24 total: 24
INFO - error: 0 /  good: 25 total: 25
INFO - error: 0 /  good: 26 total: 26
INFO - error: 0 /  good: 27 total: 27
INFO - error: 0 /  good: 28 total: 28
INFO - error: 0 /  good: 29 total: 29
INFO - error: 0 /  good: 30 total: 30
INFO - error: 0 /  good: 31 total: 31
INFO - error: 0 /  good: 32 total: 32
INFO - error: 0 /  good: 33 total: 33
INFO - error: 0 /  good: 34 total: 34
INFO - error: 0 /  good: 35 total: 35
INFO - error: 0 /  good: 36 total: 36
INFO - error: 0 /  good: 37 total: 37
INFO - error: 0 /  good: 38 total: 38
INFO - error: 0 /  good: 39 total: 39
INFO - error: 0 /  good: 40 total: 40
ERROR - [ValueError]b'a:4:{s:5:"achat";a:4:{i:0;s:8:"PLATEAUX";i:1;s:7:"VINCENT";i:2;s:29:"vincent.plateaux@inodesign.fr";i:3;s:10:"0784409562";}s:10:"technicien";a:4:{i:0;s:8:"PLATEAUX";i:1;s:7:"VINCENT";i:2;s:29:"vincent.plateaux@inodesign.fr";i:3;s:10:"0784409562";}s:9:"livraison";a:10:{i:0;s:9:"INODESIGN";i:1;s:18:"SERVICE PRODUCTION";i:2;s:25:"8 ALLEE DE LA BRIQUETERIE";i:3;s:5:"59650";i:4;s:18:"VILLENEUVE D\'ASCQ";i:5;s:6:"France";i:6;s:8:"PLATEAUX";i:7;s:7:"VINCENT";i:8;s:29:"vincent.plateaux@inodesign.fr";i:9;s:10:"0784409562";}s:11:"facturation";a:10:{i:0;s:9:"INODESIGN";i:1;s:18:"SERVICE PRODUCTION";i:2;s:25:"8 ALLEE DE LA BRIQUETERIE";i:3;s:5:"59650";i:4;s:18:"VILLENEUVE D\'ASCQ";i:5;s:6:"France";i:6;s:8:"CORONADO";i:7;s:7:"MICKAEL";i:8;s:20:"mickael@inodesign.fr";i:9;s:10:"0784409562";}}'
ERROR - [ValueError]b'a:4:{s:5:"achat";a:4:{i:0;s:6:"GOUDIN";i:1;s:4:"Eric";i:2;s:18:"pao@electronie.com";i:3;s:12:" 33492282900";}s:10:"technicien";a:4:{i:0;s:6:"GOUDIN";i:1;s:4:"Eric";i:2;s:18:"pao@electronie.com";i:3;s:12:" 33492282900";}s:9:"livraison";a:10:{i:0;s:10:"ELECTRONIE";i:1;s:26:"Lot 53 Voie E ZI L\'ARGILE";i:2;s:0:"";i:3;s:5:"06370";i:4;s:14:"MOUANS-SARTOUX";i:5;s:6:"France";i:6;s:6:"GOUDIN";i:7;s:4:"Eric";i:8;s:18:"pao@electronie.com";i:9;s:12:" 33492282900";}s:11:"facturation";a:10:{i:0;s:10:"ELECTRONIE";i:1;s:26:"Lot 53 Voie E ZI L\'ARGILE";i:2;s:0:"";i:3;s:5:"06370";i:4;s:14:"MOUANS-SARTOUX";i:5;s:6:"France";i:6;s:6:"GOUDIN";i:7;s:4:"Eric";i:8;s:18:"pao@electronie.com";i:9;s:12:" 33492282900";}}'
ERROR - [ValueError]b'a:4:{s:5:"achat";a:4:{i:0;s:6:"ZENNER";i:1;s:6:"Aurore";i:2;s:26:"info@estelec-industrie.com";i:3;s:20:"+33 (0)3 88 82 61 08";}s:10:"technicien";a:4:{i:0;s:7:"JANIAUD";i:1;s:5:"Cyril";i:2;s:35:"cyril.janiaud@estelec-industrie.com";i:3;s:20:"+33 (0)3 88 82 61 00";}s:9:"livraison";a:10:{i:0;s:7:"Estelec";i:1;s:48:"Parc d\'activit\xc3\xa9s du Giessen, Rue du Sommerberg";i:2;s:0:"";i:3;s:5:"67750";i:4;s:11:"SCHERWILLER";i:5;s:6:"France";i:6;s:6:"ZENNER";i:7;s:6:"Aurore";i:8;s:26:"info@estelec-industrie.com";i:9;s:20:"+33 (0)3 88 82 61 00";}s:11:"facturation";a:10:{i:0;s:7:"Estelec";i:1;s:48:"Parc d\'activit\xc3\xa9s du Giessen, Rue du Sommerberg";i:2;s:0:"";i:3;s:5:"67750";i:4;s:11:"SCHERWILLER";i:5;s:6:"France";i:6;s:6:"ZENNER";i:7;s:6:"Aurore";i:8;s:26:"info@estelec-industrie.com";i:9;s:20:"+33 (0)3 88 82 61 00";}}'
ERROR - [ValueError]b'a:4:{s:5:"achat";a:4:{i:0;s:5:"MICOU";i:1;s:6:"K\xc3\xa9vin";i:2;s:20:"kevinmicou@orange.fr";i:3;s:10:"0612207227";}s:10:"technicien";a:4:{i:0;s:5:"MICOU";i:1;s:6:"K\xc3\xa9vin";i:2;s:20:"kevinmicou@orange.fr";i:3;s:10:"0612207227";}s:9:"livraison";a:10:{i:0;s:12:"MICOU K\xc3\xa9vin";i:1;s:19:"20 Avenue d\'Angers";i:2;s:0:"";i:3;s:5:"49430";i:4;s:6:"DURTAL";i:5;s:6:"France";i:6;s:5:"MICOU";i:7;s:6:"K\xc3\xa9vin";i:8;s:20:"kevinmicou@orange.fr";i:9;s:10:"0612207227";}s:11:"facturation";a:10:{i:0;s:12:"MICOU K\xc3\xa9vin";i:1;s:19:"20 Avenue d\'Angers";i:2;s:0:"";i:3;s:5:"49430";i:4;s:6:"DURTAL";i:5;s:6:"France";i:6;s:5:"MICOU";i:7;s:6:"K\xc3\xa9vin";i:8;s:20:"kevinmicou@orange.fr";i:9;s:10:"0612207227";}}'
ERROR - [ValueError]b'a:4:{s:5:"achat";a:4:{i:0;s:4:"Joel";i:1;s:8:"ROESSNER";i:2;s:22:"billing@strataggem.com";i:3;s:10:"0678551301";}s:10:"technicien";a:4:{i:0;s:4:"Joel";i:1;s:8:"ROESSNER";i:2;s:28:"joel.roessner@strataggem.com";i:3;s:10:"0678551301";}s:9:"livraison";a:10:{i:0;s:10:"STRATAGGEM";i:1;s:24:"36 rue de l\'Universit\xc3\xa9";i:2;s:0:"";i:3;s:5:"67000";i:4;s:10:"STRASBOURG";i:5;s:6:"France";i:6;s:4:"Joel";i:7;s:8:"ROESSNER";i:8;s:22:"billing@strataggem.com";i:9;s:10:"0678551301";}s:11:"facturation";a:10:{i:0;s:10:"STRATAGGEM";i:1;s:24:"36 rue de l\'Universit\xc3\xa9";i:2;s:0:"";i:3;s:5:"67000";i:4;s:10:"STRASBOURG";i:5;s:6:"France";i:6;s:4:"Joel";i:7;s:8:"ROESSNER";i:8;s:22:"billing@strataggem.com";i:9;s:10:"0678551301";}}'
ERROR - [ValueError]b'a:4:{s:5:"achat";a:4:{i:0;s:8:"PLATEAUX";i:1;s:7:"VINCENT";i:2;s:29:"vincent.plateaux@inodesign.fr";i:3;s:10:"0784409562";}s:10:"technicien";a:4:{i:0;s:8:"PLATEAUX";i:1;s:7:"VINCENT";i:2;s:29:"vincent.plateaux@inodesign.fr";i:3;s:10:"0784409562";}s:9:"livraison";a:10:{i:0;s:9:"INODESIGN";i:1;s:18:"SERVICE PRODUCTION";i:2;s:25:"8 ALLEE DE LA BRIQUETERIE";i:3;s:5:"59650";i:4;s:18:"VILLENEUVE D\'ASCQ";i:5;s:6:"France";i:6;s:8:"PLATEAUX";i:7;s:7:"VINCENT";i:8;s:29:"vincent.plateaux@inodesign.fr";i:9;s:10:"0784409562";}s:11:"facturation";a:10:{i:0;s:9:"INODESIGN";i:1;s:18:"SERVICE PRODUCTION";i:2;s:25:"8 ALLEE DE LA BRIQUETERIE";i:3;s:5:"59650";i:4;s:18:"VILLENEUVE D\'ASCQ";i:5;s:6:"France";i:6;s:8:"CORONADO";i:7;s:7:"MICKAEL";i:8;s:20:"mickael@inodesign.fr";i:9;s:10:"0784409562";}}'
ERROR - [ValueError]b'a:4:{s:5:"achat";a:4:{i:0;s:6:"GOUDIN";i:1;s:4:"Eric";i:2;s:18:"pao@electronie.com";i:3;s:12:" 33492282900";}s:10:"technicien";a:4:{i:0;s:6:"GOUDIN";i:1;s:4:"Eric";i:2;s:18:"pao@electronie.com";i:3;s:12:" 33492282900";}s:9:"livraison";a:10:{i:0;s:10:"ELECTRONIE";i:1;s:26:"Lot 53 Voie E ZI L\'ARGILE";i:2;s:0:"";i:3;s:5:"06370";i:4;s:14:"MOUANS-SARTOUX";i:5;s:6:"France";i:6;s:6:"GOUDIN";i:7;s:4:"Eric";i:8;s:18:"pao@electronie.com";i:9;s:12:" 33492282900";}s:11:"facturation";a:10:{i:0;s:10:"ELECTRONIE";i:1;s:26:"Lot 53 Voie E ZI L\'ARGILE";i:2;s:0:"";i:3;s:5:"06370";i:4;s:14:"MOUANS-SARTOUX";i:5;s:6:"France";i:6;s:6:"GOUDIN";i:7;s:4:"Eric";i:8;s:18:"pao@electronie.com";i:9;s:12:" 33492282900";}}'
ERROR - [ValueError]b'a:4:{s:5:"achat";a:4:{i:0;s:6:"ZENNER";i:1;s:6:"Aurore";i:2;s:26:"info@estelec-industrie.com";i:3;s:20:"+33 (0)3 88 82 61 08";}s:10:"technicien";a:4:{i:0;s:7:"JANIAUD";i:1;s:5:"Cyril";i:2;s:35:"cyril.janiaud@estelec-industrie.com";i:3;s:20:"+33 (0)3 88 82 61 00";}s:9:"livraison";a:10:{i:0;s:7:"Estelec";i:1;s:48:"Parc d\'activit\xc3\xa9s du Giessen, Rue du Sommerberg";i:2;s:0:"";i:3;s:5:"67750";i:4;s:11:"SCHERWILLER";i:5;s:6:"France";i:6;s:6:"ZENNER";i:7;s:6:"Aurore";i:8;s:26:"info@estelec-industrie.com";i:9;s:20:"+33 (0)3 88 82 61 00";}s:11:"facturation";a:10:{i:0;s:7:"Estelec";i:1;s:48:"Parc d\'activit\xc3\xa9s du Giessen, Rue du Sommerberg";i:2;s:0:"";i:3;s:5:"67750";i:4;s:11:"SCHERWILLER";i:5;s:6:"France";i:6;s:6:"ZENNER";i:7;s:6:"Aurore";i:8;s:26:"info@estelec-industrie.com";i:9;s:20:"+33 (0)3 88 82 61 00";}}'
ERROR - [ValueError]b'a:4:{s:5:"achat";a:4:{i:0;s:5:"MICOU";i:1;s:6:"K\xc3\xa9vin";i:2;s:20:"kevinmicou@orange.fr";i:3;s:10:"0612207227";}s:10:"technicien";a:4:{i:0;s:5:"MICOU";i:1;s:6:"K\xc3\xa9vin";i:2;s:20:"kevinmicou@orange.fr";i:3;s:10:"0612207227";}s:9:"livraison";a:10:{i:0;s:12:"MICOU K\xc3\xa9vin";i:1;s:19:"20 Avenue d\'Angers";i:2;s:0:"";i:3;s:5:"49430";i:4;s:6:"DURTAL";i:5;s:6:"France";i:6;s:5:"MICOU";i:7;s:6:"K\xc3\xa9vin";i:8;s:20:"kevinmicou@orange.fr";i:9;s:10:"0612207227";}s:11:"facturation";a:10:{i:0;s:12:"MICOU K\xc3\xa9vin";i:1;s:19:"20 Avenue d\'Angers";i:2;s:0:"";i:3;s:5:"49430";i:4;s:6:"DURTAL";i:5;s:6:"France";i:6;s:5:"MICOU";i:7;s:6:"K\xc3\xa9vin";i:8;s:20:"kevinmicou@orange.fr";i:9;s:10:"0612207227";}}'
ERROR - [ValueError]b'a:4:{s:5:"achat";a:4:{i:0;s:4:"Joel";i:1;s:8:"ROESSNER";i:2;s:22:"billing@strataggem.com";i:3;s:10:"0678551301";}s:10:"technicien";a:4:{i:0;s:4:"Joel";i:1;s:8:"ROESSNER";i:2;s:28:"joel.roessner@strataggem.com";i:3;s:10:"0678551301";}s:9:"livraison";a:10:{i:0;s:10:"STRATAGGEM";i:1;s:24:"36 rue de l\'Universit\xc3\xa9";i:2;s:0:"";i:3;s:5:"67000";i:4;s:10:"STRASBOURG";i:5;s:6:"France";i:6;s:4:"Joel";i:7;s:8:"ROESSNER";i:8;s:22:"billing@strataggem.com";i:9;s:10:"0678551301";}s:11:"facturation";a:10:{i:0;s:10:"STRATAGGEM";i:1;s:24:"36 rue de l\'Universit\xc3\xa9";i:2;s:0:"";i:3;s:5:"67000";i:4;s:10:"STRASBOURG";i:5;s:6:"France";i:6;s:4:"Joel";i:7;s:8:"ROESSNER";i:8;s:22:"billing@strataggem.com";i:9;s:10:"0678551301";}}'
ERROR - [StringDataRightTruncation] - rw4uahs5no60bjl2407wn8izzsshs9xg95aa0dsj ERREUR:  valeur trop longue pour le type character varying(20)
ERROR - [StringDataRightTruncation] - z9gbn6x95ahafmbmf8q8qle1jb2iapkkb5c4ii3e ERREUR:  valeur trop longue pour le type character varying(20)
ERROR - [StringDataRightTruncation] - u3e7q68r77tkrjyvokmcxxn2j6fqiiofasq1vpqw ERREUR:  valeur trop longue pour le type character varying(20)
INFO - error: 3 /  good: 403 total: 406
ERROR - [ValueError]b'a:4:{s:5:"achat";a:4:{i:0;s:8:"PLATEAUX";i:1;s:7:"VINCENT";i:2;s:29:"vincent.plateaux@inodesign.fr";i:3;s:10:"0784409562";}s:10:"technicien";a:4:{i:0;s:8:"PLATEAUX";i:1;s:7:"VINCENT";i:2;s:29:"vincent.plateaux@inodesign.fr";i:3;s:10:"0784409562";}s:9:"livraison";a:10:{i:0;s:9:"INODESIGN";i:1;s:18:"SERVICE PRODUCTION";i:2;s:25:"8 ALLEE DE LA BRIQUETERIE";i:3;s:5:"59650";i:4;s:18:"VILLENEUVE D\'ASCQ";i:5;s:6:"France";i:6;s:8:"PLATEAUX";i:7;s:7:"VINCENT";i:8;s:29:"vincent.plateaux@inodesign.fr";i:9;s:10:"0784409562";}s:11:"facturation";a:10:{i:0;s:9:"INODESIGN";i:1;s:18:"SERVICE PRODUCTION";i:2;s:25:"8 ALLEE DE LA BRIQUETERIE";i:3;s:5:"59650";i:4;s:18:"VILLENEUVE D\'ASCQ";i:5;s:6:"France";i:6;s:8:"CORONADO";i:7;s:7:"MICKAEL";i:8;s:20:"mickael@inodesign.fr";i:9;s:10:"0784409562";}}'
ERROR - [ValueError]b'a:4:{s:5:"achat";a:4:{i:0;s:6:"GOUDIN";i:1;s:4:"Eric";i:2;s:18:"pao@electronie.com";i:3;s:12:" 33492282900";}s:10:"technicien";a:4:{i:0;s:6:"GOUDIN";i:1;s:4:"Eric";i:2;s:18:"pao@electronie.com";i:3;s:12:" 33492282900";}s:9:"livraison";a:10:{i:0;s:10:"ELECTRONIE";i:1;s:26:"Lot 53 Voie E ZI L\'ARGILE";i:2;s:0:"";i:3;s:5:"06370";i:4;s:14:"MOUANS-SARTOUX";i:5;s:6:"France";i:6;s:6:"GOUDIN";i:7;s:4:"Eric";i:8;s:18:"pao@electronie.com";i:9;s:12:" 33492282900";}s:11:"facturation";a:10:{i:0;s:10:"ELECTRONIE";i:1;s:26:"Lot 53 Voie E ZI L\'ARGILE";i:2;s:0:"";i:3;s:5:"06370";i:4;s:14:"MOUANS-SARTOUX";i:5;s:6:"France";i:6;s:6:"GOUDIN";i:7;s:4:"Eric";i:8;s:18:"pao@electronie.com";i:9;s:12:" 33492282900";}}'
ERROR - [ValueError]b'a:4:{s:5:"achat";a:4:{i:0;s:6:"ZENNER";i:1;s:6:"Aurore";i:2;s:26:"info@estelec-industrie.com";i:3;s:20:"+33 (0)3 88 82 61 08";}s:10:"technicien";a:4:{i:0;s:7:"JANIAUD";i:1;s:5:"Cyril";i:2;s:35:"cyril.janiaud@estelec-industrie.com";i:3;s:20:"+33 (0)3 88 82 61 00";}s:9:"livraison";a:10:{i:0;s:7:"Estelec";i:1;s:48:"Parc d\'activit\xc3\xa9s du Giessen, Rue du Sommerberg";i:2;s:0:"";i:3;s:5:"67750";i:4;s:11:"SCHERWILLER";i:5;s:6:"France";i:6;s:6:"ZENNER";i:7;s:6:"Aurore";i:8;s:26:"info@estelec-industrie.com";i:9;s:20:"+33 (0)3 88 82 61 00";}s:11:"facturation";a:10:{i:0;s:7:"Estelec";i:1;s:48:"Parc d\'activit\xc3\xa9s du Giessen, Rue du Sommerberg";i:2;s:0:"";i:3;s:5:"67750";i:4;s:11:"SCHERWILLER";i:5;s:6:"France";i:6;s:6:"ZENNER";i:7;s:6:"Aurore";i:8;s:26:"info@estelec-industrie.com";i:9;s:20:"+33 (0)3 88 82 61 00";}}'
ERROR - [ValueError]b'a:4:{s:5:"achat";a:4:{i:0;s:5:"MICOU";i:1;s:6:"K\xc3\xa9vin";i:2;s:20:"kevinmicou@orange.fr";i:3;s:10:"0612207227";}s:10:"technicien";a:4:{i:0;s:5:"MICOU";i:1;s:6:"K\xc3\xa9vin";i:2;s:20:"kevinmicou@orange.fr";i:3;s:10:"0612207227";}s:9:"livraison";a:10:{i:0;s:12:"MICOU K\xc3\xa9vin";i:1;s:19:"20 Avenue d\'Angers";i:2;s:0:"";i:3;s:5:"49430";i:4;s:6:"DURTAL";i:5;s:6:"France";i:6;s:5:"MICOU";i:7;s:6:"K\xc3\xa9vin";i:8;s:20:"kevinmicou@orange.fr";i:9;s:10:"0612207227";}s:11:"facturation";a:10:{i:0;s:12:"MICOU K\xc3\xa9vin";i:1;s:19:"20 Avenue d\'Angers";i:2;s:0:"";i:3;s:5:"49430";i:4;s:6:"DURTAL";i:5;s:6:"France";i:6;s:5:"MICOU";i:7;s:6:"K\xc3\xa9vin";i:8;s:20:"kevinmicou@orange.fr";i:9;s:10:"0612207227";}}'
ERROR - [ValueError]b'a:4:{s:5:"achat";a:4:{i:0;s:4:"Joel";i:1;s:8:"ROESSNER";i:2;s:22:"billing@strataggem.com";i:3;s:10:"0678551301";}s:10:"technicien";a:4:{i:0;s:4:"Joel";i:1;s:8:"ROESSNER";i:2;s:28:"joel.roessner@strataggem.com";i:3;s:10:"0678551301";}s:9:"livraison";a:10:{i:0;s:10:"STRATAGGEM";i:1;s:24:"36 rue de l\'Universit\xc3\xa9";i:2;s:0:"";i:3;s:5:"67000";i:4;s:10:"STRASBOURG";i:5;s:6:"France";i:6;s:4:"Joel";i:7;s:8:"ROESSNER";i:8;s:22:"billing@strataggem.com";i:9;s:10:"0678551301";}s:11:"facturation";a:10:{i:0;s:10:"STRATAGGEM";i:1;s:24:"36 rue de l\'Universit\xc3\xa9";i:2;s:0:"";i:3;s:5:"67000";i:4;s:10:"STRASBOURG";i:5;s:6:"France";i:6;s:4:"Joel";i:7;s:8:"ROESSNER";i:8;s:22:"billing@strataggem.com";i:9;s:10:"0678551301";}}'
ERROR - [ValueError]b'a:4:{s:5:"achat";a:4:{i:0;s:8:"PLATEAUX";i:1;s:7:"VINCENT";i:2;s:29:"vincent.plateaux@inodesign.fr";i:3;s:10:"0784409562";}s:10:"technicien";a:4:{i:0;s:8:"PLATEAUX";i:1;s:7:"VINCENT";i:2;s:29:"vincent.plateaux@inodesign.fr";i:3;s:10:"0784409562";}s:9:"livraison";a:10:{i:0;s:9:"INODESIGN";i:1;s:18:"SERVICE PRODUCTION";i:2;s:25:"8 ALLEE DE LA BRIQUETERIE";i:3;s:5:"59650";i:4;s:18:"VILLENEUVE D\'ASCQ";i:5;s:6:"France";i:6;s:8:"PLATEAUX";i:7;s:7:"VINCENT";i:8;s:29:"vincent.plateaux@inodesign.fr";i:9;s:10:"0784409562";}s:11:"facturation";a:10:{i:0;s:9:"INODESIGN";i:1;s:18:"SERVICE PRODUCTION";i:2;s:25:"8 ALLEE DE LA BRIQUETERIE";i:3;s:5:"59650";i:4;s:18:"VILLENEUVE D\'ASCQ";i:5;s:6:"France";i:6;s:8:"CORONADO";i:7;s:7:"MICKAEL";i:8;s:20:"mickael@inodesign.fr";i:9;s:10:"0784409562";}}'
ERROR - [ValueError]b'a:4:{s:5:"achat";a:4:{i:0;s:6:"GOUDIN";i:1;s:4:"Eric";i:2;s:18:"pao@electronie.com";i:3;s:12:" 33492282900";}s:10:"technicien";a:4:{i:0;s:6:"GOUDIN";i:1;s:4:"Eric";i:2;s:18:"pao@electronie.com";i:3;s:12:" 33492282900";}s:9:"livraison";a:10:{i:0;s:10:"ELECTRONIE";i:1;s:26:"Lot 53 Voie E ZI L\'ARGILE";i:2;s:0:"";i:3;s:5:"06370";i:4;s:14:"MOUANS-SARTOUX";i:5;s:6:"France";i:6;s:6:"GOUDIN";i:7;s:4:"Eric";i:8;s:18:"pao@electronie.com";i:9;s:12:" 33492282900";}s:11:"facturation";a:10:{i:0;s:10:"ELECTRONIE";i:1;s:26:"Lot 53 Voie E ZI L\'ARGILE";i:2;s:0:"";i:3;s:5:"06370";i:4;s:14:"MOUANS-SARTOUX";i:5;s:6:"France";i:6;s:6:"GOUDIN";i:7;s:4:"Eric";i:8;s:18:"pao@electronie.com";i:9;s:12:" 33492282900";}}'
ERROR - [ValueError]b'a:4:{s:5:"achat";a:4:{i:0;s:6:"ZENNER";i:1;s:6:"Aurore";i:2;s:26:"info@estelec-industrie.com";i:3;s:20:"+33 (0)3 88 82 61 08";}s:10:"technicien";a:4:{i:0;s:7:"JANIAUD";i:1;s:5:"Cyril";i:2;s:35:"cyril.janiaud@estelec-industrie.com";i:3;s:20:"+33 (0)3 88 82 61 00";}s:9:"livraison";a:10:{i:0;s:7:"Estelec";i:1;s:48:"Parc d\'activit\xc3\xa9s du Giessen, Rue du Sommerberg";i:2;s:0:"";i:3;s:5:"67750";i:4;s:11:"SCHERWILLER";i:5;s:6:"France";i:6;s:6:"ZENNER";i:7;s:6:"Aurore";i:8;s:26:"info@estelec-industrie.com";i:9;s:20:"+33 (0)3 88 82 61 00";}s:11:"facturation";a:10:{i:0;s:7:"Estelec";i:1;s:48:"Parc d\'activit\xc3\xa9s du Giessen, Rue du Sommerberg";i:2;s:0:"";i:3;s:5:"67750";i:4;s:11:"SCHERWILLER";i:5;s:6:"France";i:6;s:6:"ZENNER";i:7;s:6:"Aurore";i:8;s:26:"info@estelec-industrie.com";i:9;s:20:"+33 (0)3 88 82 61 00";}}'
ERROR - [ValueError]b'a:4:{s:5:"achat";a:4:{i:0;s:5:"MICOU";i:1;s:6:"K\xc3\xa9vin";i:2;s:20:"kevinmicou@orange.fr";i:3;s:10:"0612207227";}s:10:"technicien";a:4:{i:0;s:5:"MICOU";i:1;s:6:"K\xc3\xa9vin";i:2;s:20:"kevinmicou@orange.fr";i:3;s:10:"0612207227";}s:9:"livraison";a:10:{i:0;s:12:"MICOU K\xc3\xa9vin";i:1;s:19:"20 Avenue d\'Angers";i:2;s:0:"";i:3;s:5:"49430";i:4;s:6:"DURTAL";i:5;s:6:"France";i:6;s:5:"MICOU";i:7;s:6:"K\xc3\xa9vin";i:8;s:20:"kevinmicou@orange.fr";i:9;s:10:"0612207227";}s:11:"facturation";a:10:{i:0;s:12:"MICOU K\xc3\xa9vin";i:1;s:19:"20 Avenue d\'Angers";i:2;s:0:"";i:3;s:5:"49430";i:4;s:6:"DURTAL";i:5;s:6:"France";i:6;s:5:"MICOU";i:7;s:6:"K\xc3\xa9vin";i:8;s:20:"kevinmicou@orange.fr";i:9;s:10:"0612207227";}}'
ERROR - [ValueError]b'a:4:{s:5:"achat";a:4:{i:0;s:4:"Joel";i:1;s:8:"ROESSNER";i:2;s:22:"billing@strataggem.com";i:3;s:10:"0678551301";}s:10:"technicien";a:4:{i:0;s:4:"Joel";i:1;s:8:"ROESSNER";i:2;s:28:"joel.roessner@strataggem.com";i:3;s:10:"0678551301";}s:9:"livraison";a:10:{i:0;s:10:"STRATAGGEM";i:1;s:24:"36 rue de l\'Universit\xc3\xa9";i:2;s:0:"";i:3;s:5:"67000";i:4;s:10:"STRASBOURG";i:5;s:6:"France";i:6;s:4:"Joel";i:7;s:8:"ROESSNER";i:8;s:22:"billing@strataggem.com";i:9;s:10:"0678551301";}s:11:"facturation";a:10:{i:0;s:10:"STRATAGGEM";i:1;s:24:"36 rue de l\'Universit\xc3\xa9";i:2;s:0:"";i:3;s:5:"67000";i:4;s:10:"STRASBOURG";i:5;s:6:"France";i:6;s:4:"Joel";i:7;s:8:"ROESSNER";i:8;s:22:"billing@strataggem.com";i:9;s:10:"0678551301";}}'
ERROR - [ValueError]b'a:4:{s:5:"achat";a:4:{i:0;s:8:"PLATEAUX";i:1;s:7:"VINCENT";i:2;s:29:"vincent.plateaux@inodesign.fr";i:3;s:10:"0784409562";}s:10:"technicien";a:4:{i:0;s:8:"PLATEAUX";i:1;s:7:"VINCENT";i:2;s:29:"vincent.plateaux@inodesign.fr";i:3;s:10:"0784409562";}s:9:"livraison";a:10:{i:0;s:9:"INODESIGN";i:1;s:18:"SERVICE PRODUCTION";i:2;s:25:"8 ALLEE DE LA BRIQUETERIE";i:3;s:5:"59650";i:4;s:18:"VILLENEUVE D\'ASCQ";i:5;s:6:"France";i:6;s:8:"PLATEAUX";i:7;s:7:"VINCENT";i:8;s:29:"vincent.plateaux@inodesign.fr";i:9;s:10:"0784409562";}s:11:"facturation";a:10:{i:0;s:9:"INODESIGN";i:1;s:18:"SERVICE PRODUCTION";i:2;s:25:"8 ALLEE DE LA BRIQUETERIE";i:3;s:5:"59650";i:4;s:18:"VILLENEUVE D\'ASCQ";i:5;s:6:"France";i:6;s:8:"CORONADO";i:7;s:7:"MICKAEL";i:8;s:20:"mickael@inodesign.fr";i:9;s:10:"0784409562";}}'
ERROR - [ValueError]b'a:4:{s:5:"achat";a:4:{i:0;s:6:"GOUDIN";i:1;s:4:"Eric";i:2;s:18:"pao@electronie.com";i:3;s:12:" 33492282900";}s:10:"technicien";a:4:{i:0;s:6:"GOUDIN";i:1;s:4:"Eric";i:2;s:18:"pao@electronie.com";i:3;s:12:" 33492282900";}s:9:"livraison";a:10:{i:0;s:10:"ELECTRONIE";i:1;s:26:"Lot 53 Voie E ZI L\'ARGILE";i:2;s:0:"";i:3;s:5:"06370";i:4;s:14:"MOUANS-SARTOUX";i:5;s:6:"France";i:6;s:6:"GOUDIN";i:7;s:4:"Eric";i:8;s:18:"pao@electronie.com";i:9;s:12:" 33492282900";}s:11:"facturation";a:10:{i:0;s:10:"ELECTRONIE";i:1;s:26:"Lot 53 Voie E ZI L\'ARGILE";i:2;s:0:"";i:3;s:5:"06370";i:4;s:14:"MOUANS-SARTOUX";i:5;s:6:"France";i:6;s:6:"GOUDIN";i:7;s:4:"Eric";i:8;s:18:"pao@electronie.com";i:9;s:12:" 33492282900";}}'
ERROR - [ValueError]b'a:4:{s:5:"achat";a:4:{i:0;s:6:"ZENNER";i:1;s:6:"Aurore";i:2;s:26:"info@estelec-industrie.com";i:3;s:20:"+33 (0)3 88 82 61 08";}s:10:"technicien";a:4:{i:0;s:7:"JANIAUD";i:1;s:5:"Cyril";i:2;s:35:"cyril.janiaud@estelec-industrie.com";i:3;s:20:"+33 (0)3 88 82 61 00";}s:9:"livraison";a:10:{i:0;s:7:"Estelec";i:1;s:48:"Parc d\'activit\xc3\xa9s du Giessen, Rue du Sommerberg";i:2;s:0:"";i:3;s:5:"67750";i:4;s:11:"SCHERWILLER";i:5;s:6:"France";i:6;s:6:"ZENNER";i:7;s:6:"Aurore";i:8;s:26:"info@estelec-industrie.com";i:9;s:20:"+33 (0)3 88 82 61 00";}s:11:"facturation";a:10:{i:0;s:7:"Estelec";i:1;s:48:"Parc d\'activit\xc3\xa9s du Giessen, Rue du Sommerberg";i:2;s:0:"";i:3;s:5:"67750";i:4;s:11:"SCHERWILLER";i:5;s:6:"France";i:6;s:6:"ZENNER";i:7;s:6:"Aurore";i:8;s:26:"info@estelec-industrie.com";i:9;s:20:"+33 (0)3 88 82 61 00";}}'
ERROR - [ValueError]b'a:4:{s:5:"achat";a:4:{i:0;s:5:"MICOU";i:1;s:6:"K\xc3\xa9vin";i:2;s:20:"kevinmicou@orange.fr";i:3;s:10:"0612207227";}s:10:"technicien";a:4:{i:0;s:5:"MICOU";i:1;s:6:"K\xc3\xa9vin";i:2;s:20:"kevinmicou@orange.fr";i:3;s:10:"0612207227";}s:9:"livraison";a:10:{i:0;s:12:"MICOU K\xc3\xa9vin";i:1;s:19:"20 Avenue d\'Angers";i:2;s:0:"";i:3;s:5:"49430";i:4;s:6:"DURTAL";i:5;s:6:"France";i:6;s:5:"MICOU";i:7;s:6:"K\xc3\xa9vin";i:8;s:20:"kevinmicou@orange.fr";i:9;s:10:"0612207227";}s:11:"facturation";a:10:{i:0;s:12:"MICOU K\xc3\xa9vin";i:1;s:19:"20 Avenue d\'Angers";i:2;s:0:"";i:3;s:5:"49430";i:4;s:6:"DURTAL";i:5;s:6:"France";i:6;s:5:"MICOU";i:7;s:6:"K\xc3\xa9vin";i:8;s:20:"kevinmicou@orange.fr";i:9;s:10:"0612207227";}}'
ERROR - [ValueError]b'a:4:{s:5:"achat";a:4:{i:0;s:4:"Joel";i:1;s:8:"ROESSNER";i:2;s:22:"billing@strataggem.com";i:3;s:10:"0678551301";}s:10:"technicien";a:4:{i:0;s:4:"Joel";i:1;s:8:"ROESSNER";i:2;s:28:"joel.roessner@strataggem.com";i:3;s:10:"0678551301";}s:9:"livraison";a:10:{i:0;s:10:"STRATAGGEM";i:1;s:24:"36 rue de l\'Universit\xc3\xa9";i:2;s:0:"";i:3;s:5:"67000";i:4;s:10:"STRASBOURG";i:5;s:6:"France";i:6;s:4:"Joel";i:7;s:8:"ROESSNER";i:8;s:22:"billing@strataggem.com";i:9;s:10:"0678551301";}s:11:"facturation";a:10:{i:0;s:10:"STRATAGGEM";i:1;s:24:"36 rue de l\'Universit\xc3\xa9";i:2;s:0:"";i:3;s:5:"67000";i:4;s:10:"STRASBOURG";i:5;s:6:"France";i:6;s:4:"Joel";i:7;s:8:"ROESSNER";i:8;s:22:"billing@strataggem.com";i:9;s:10:"0678551301";}}'
ERROR - h1jxiubkn73qdp4yp20qrrbfnd8zkr9dq67kez8i corresponding to f9a696af-016d-45ac-9d44-6eb3779443db
INFO - error: 0 /  good: 0 total: 1
ERROR - wwglkq6gfixtsikqesxgz6znwstzs69skg3gtyo8 corresponding to ee585820-e8e2-4291-baac-7808f52ccee0
INFO - error: 0 /  good: 0 total: 2
ERROR - 2k6frwsep9w52jxocjpx1hz85uxgiwijkw3wwwc4 corresponding to cca20584-e945-4682-88fa-bbd08ae69b15
INFO - error: 0 /  good: 0 total: 3
ERROR - cxg3atweawn6rjiesk3ghgtm61yo3ohhp3opgo1g corresponding to 6402be95-6842-4b94-8ca7-e1ca3cd553db
INFO - error: 0 /  good: 0 total: 4
ERROR - y7at6aast0zg1nrcchh7w6uw72i1p90h709pi9xs corresponding to a1cac2e3-9428-413e-9306-3d54d3bc11db
INFO - error: 0 /  good: 0 total: 5
ERROR - fvthn7uv8ilfl2ojklbqysrhfzpsaoa4dtnzk5bj corresponding to f2fdde5b-13d4-4ff8-877f-28d26b0a5f7a
INFO - error: 0 /  good: 0 total: 6
ERROR - llew35gfu6qjbfp1vxc173w5en7zltjkelz6ghnw corresponding to a5ec2412-a853-4454-a901-e8ec80fe06d0
INFO - error: 0 /  good: 0 total: 7
ERROR - itc6g5zbkj2x0n0omvrpyv50na4jtvc1ibreww0k corresponding to da102a77-1bdc-4571-b775-a052dd3d8e59
INFO - error: 0 /  good: 0 total: 8
ERROR - nhro4xqu3thzy2xmff4l998j77f401dhu5vjjfvn corresponding to c16659c8-f769-44cf-ac8e-a58de0c5b529
INFO - error: 0 /  good: 0 total: 9
ERROR - ghajxwyqrl76bnkqoac3f2so432rmy57asgz59sh corresponding to 75ac9c1f-e8be-44da-a634-0a07bffccfb2
INFO - error: 0 /  good: 0 total: 10
ERROR - rl8yflphbxtew4l3wwkyfi4h0zgovlqijbd4uzns corresponding to 49978b15-a658-4ef4-8af6-2472067359d4
INFO - error: 0 /  good: 0 total: 11
ERROR - 6up763p99wf6un69e3f0ez2sqcgct4kzj0g29r19 corresponding to 6ff4a259-f249-443f-a219-d77d178f093b
INFO - error: 0 /  good: 0 total: 12
ERROR - ng02oc5fioum0rsemm334vz5d3iovyj29caibsz6 corresponding to 0e6ad2e2-08d6-4fd3-b6d6-48801bb7f3d3
INFO - error: 0 /  good: 0 total: 13
ERROR - 8v2aenyzuw64oav1h9r7skjxnrgi3mt1u6ioxfni corresponding to c7dcb1f9-0785-432a-b562-a4d6ba066b5a
INFO - error: 0 /  good: 0 total: 14
ERROR - sisdd4hi9ociy8g967tb6xav9w3xisx8lfqqvnkc corresponding to e8c6c39b-22a1-4383-8f18-ae5b2a460eed
INFO - error: 0 /  good: 0 total: 15
ERROR - hjudmx1aciusync4uaqiopnbeir5j8ksgrbfy5g1 corresponding to d74fb047-b1cf-46a7-8e07-7714a08e555b
INFO - error: 0 /  good: 0 total: 16
ERROR - hfv0gcyxxoky63r1p7ntdv4p7mntsv01jf75hrjz corresponding to e0b3bb98-c74d-41c9-b9ff-e6eca6f60911
INFO - error: 0 /  good: 0 total: 17
ERROR - rcyz07x02dbusuuzlqcqtfkrixs5rb3u09v7dovy corresponding to dd83f2fd-1c89-42aa-9e35-ad7593ccd341
INFO - error: 0 /  good: 0 total: 18
ERROR - d0noae6mdkuf4mg6cdohergwc9ows3mr9oshqo9e corresponding to 66bdcb3f-14f6-4dc2-9338-e8e72ebb2eba
INFO - error: 0 /  good: 0 total: 19
ERROR - nwbmadc04s9bt2iuj715rk4ttoqeabpno7bnnqhm corresponding to 57999971-5d5c-4803-9418-2c64f8626a8f
INFO - error: 0 /  good: 0 total: 20
ERROR - sg20wffafdl3u1worrzeev81fcsrhs2unw7pfqnu corresponding to db61fffc-4684-4731-9870-d54528104873
INFO - error: 0 /  good: 0 total: 21
ERROR - 2njd7f6raf6nwywmohhkw2ia4bvadwkwpffu0nn0 corresponding to 4f678225-58e3-4c5d-a067-7ee73b313adb
INFO - error: 0 /  good: 0 total: 22
ERROR - nf6qeljhrfpeq1ylgl8zb5xuduy0p3tgcabt8x9e corresponding to 2e02067c-d8bf-4fcc-bc74-97bdcdd03894
INFO - error: 0 /  good: 0 total: 23
ERROR - f7dsn28axpq1dj2bamsevdin21sfvw6jko1vknre corresponding to 4c752c50-fb81-4c54-bb77-6c7c29154206
INFO - error: 0 /  good: 0 total: 24
ERROR - 262amj4mct2pj1u6ay7pmklix7te2p1ac9ax5qt7 corresponding to 43b2f8ac-09fc-4a77-ad19-f409f168201b
INFO - error: 0 /  good: 0 total: 25
ERROR - g6ofk2ohlfv6nmnsjoz5qy6wl0cnss0nb8lxu0ay corresponding to 0409a3db-bdb4-4095-9a7d-f402fd57f702
INFO - error: 0 /  good: 0 total: 26
ERROR - ae8eka08hpzox7f552inj7nnzsqhh0th3m70mvbh corresponding to 49591440-e777-4594-bf82-5d7f7dffdab8
INFO - error: 0 /  good: 0 total: 27
ERROR - h790lad85f1ts9xw0lpzmqhrxgfiuhaz2920hwb0 corresponding to 259c307e-a18b-408e-ad83-a08c8578e5a8
INFO - error: 0 /  good: 0 total: 28
ERROR - 06mut3vkvmgmnsltm0pqpjoms11jc7a23988oe56 corresponding to f6e16e96-344f-4d66-82ca-d1d93450ef30
INFO - error: 0 /  good: 0 total: 29
ERROR - kfrr4ke74yd7cl8ppvnzyy6va419xwml7vxitryh corresponding to ee150b97-6b33-4446-a5ae-9b028b2c1860
INFO - error: 0 /  good: 0 total: 30
ERROR - o9tf795o327243up16b79v1km41i4kkejchfz1cq corresponding to cfa12972-0141-4e6b-bd8a-a62267ac08d3
INFO - error: 0 /  good: 0 total: 31
ERROR - dvnu7kq6os7lv94lg3hmas7wsd61n7kzavvfw7q2 corresponding to 09f44204-c312-4e36-b0ca-95995c49a46c
INFO - error: 0 /  good: 0 total: 32
ERROR - b8kw7d5wpx2sr1cdbsk0he70pq60oj0dgi71mo23 corresponding to 5e85d34f-5a7f-4698-b8e6-5949ad8229ce
INFO - error: 0 /  good: 0 total: 33
ERROR - z4acic4rmvikuxijqp7ug166eji73974p7jja1mm corresponding to 992eae91-2b56-49d5-b15d-235ea97a7710
INFO - error: 0 /  good: 0 total: 34
ERROR - rltp7bl5j6c25t908wi7op8wez3b977rjz23ysbc corresponding to cf948bbf-8708-4e08-851b-bb79ad637444
INFO - error: 0 /  good: 0 total: 35
ERROR - 6pc9fp412lh0fo23er0515q4p8y2pm6y2lxx1h39 corresponding to bdbf348e-b133-43f8-a3de-35e1801f8749
INFO - error: 0 /  good: 0 total: 36
ERROR - s28dppazcc1mv36cmauhe4o4b76gsrtesegz1hef corresponding to 5282039a-0df3-45ee-9e8a-01f45ee08741
INFO - error: 0 /  good: 0 total: 37
ERROR - gna3fk8pfcvt4zz8wbydazxypq43ymb9otpzxvqg corresponding to e16c3e3f-2a6e-41d7-919d-97aa28c5eb11
INFO - error: 0 /  good: 0 total: 38
ERROR - slgazv2yhkkh70wf62scw5xrmbcbkmg3kpp86zrd corresponding to 267de813-6314-4dc7-8db8-b5c3b132e8da
INFO - error: 0 /  good: 0 total: 39
ERROR - dypz512ngsqw7ypvbhhqfgw9rj5joswzj3e1zq7h corresponding to e8b54091-8a32-49f8-a2d4-1c804e7b78a1
INFO - error: 0 /  good: 0 total: 40
ERROR - [ValueError]b'a:4:{s:5:"achat";a:4:{i:0;s:8:"PLATEAUX";i:1;s:7:"VINCENT";i:2;s:29:"vincent.plateaux@inodesign.fr";i:3;s:10:"0784409562";}s:10:"technicien";a:4:{i:0;s:8:"PLATEAUX";i:1;s:7:"VINCENT";i:2;s:29:"vincent.plateaux@inodesign.fr";i:3;s:10:"0784409562";}s:9:"livraison";a:10:{i:0;s:9:"INODESIGN";i:1;s:18:"SERVICE PRODUCTION";i:2;s:25:"8 ALLEE DE LA BRIQUETERIE";i:3;s:5:"59650";i:4;s:18:"VILLENEUVE D\'ASCQ";i:5;s:6:"France";i:6;s:8:"PLATEAUX";i:7;s:7:"VINCENT";i:8;s:29:"vincent.plateaux@inodesign.fr";i:9;s:10:"0784409562";}s:11:"facturation";a:10:{i:0;s:9:"INODESIGN";i:1;s:18:"SERVICE PRODUCTION";i:2;s:25:"8 ALLEE DE LA BRIQUETERIE";i:3;s:5:"59650";i:4;s:18:"VILLENEUVE D\'ASCQ";i:5;s:6:"France";i:6;s:8:"CORONADO";i:7;s:7:"MICKAEL";i:8;s:20:"mickael@inodesign.fr";i:9;s:10:"0784409562";}}'
ERROR - [ValueError]b'a:4:{s:5:"achat";a:4:{i:0;s:6:"GOUDIN";i:1;s:4:"Eric";i:2;s:18:"pao@electronie.com";i:3;s:12:" 33492282900";}s:10:"technicien";a:4:{i:0;s:6:"GOUDIN";i:1;s:4:"Eric";i:2;s:18:"pao@electronie.com";i:3;s:12:" 33492282900";}s:9:"livraison";a:10:{i:0;s:10:"ELECTRONIE";i:1;s:26:"Lot 53 Voie E ZI L\'ARGILE";i:2;s:0:"";i:3;s:5:"06370";i:4;s:14:"MOUANS-SARTOUX";i:5;s:6:"France";i:6;s:6:"GOUDIN";i:7;s:4:"Eric";i:8;s:18:"pao@electronie.com";i:9;s:12:" 33492282900";}s:11:"facturation";a:10:{i:0;s:10:"ELECTRONIE";i:1;s:26:"Lot 53 Voie E ZI L\'ARGILE";i:2;s:0:"";i:3;s:5:"06370";i:4;s:14:"MOUANS-SARTOUX";i:5;s:6:"France";i:6;s:6:"GOUDIN";i:7;s:4:"Eric";i:8;s:18:"pao@electronie.com";i:9;s:12:" 33492282900";}}'
ERROR - [ValueError]b'a:4:{s:5:"achat";a:4:{i:0;s:6:"ZENNER";i:1;s:6:"Aurore";i:2;s:26:"info@estelec-industrie.com";i:3;s:20:"+33 (0)3 88 82 61 08";}s:10:"technicien";a:4:{i:0;s:7:"JANIAUD";i:1;s:5:"Cyril";i:2;s:35:"cyril.janiaud@estelec-industrie.com";i:3;s:20:"+33 (0)3 88 82 61 00";}s:9:"livraison";a:10:{i:0;s:7:"Estelec";i:1;s:48:"Parc d\'activit\xc3\xa9s du Giessen, Rue du Sommerberg";i:2;s:0:"";i:3;s:5:"67750";i:4;s:11:"SCHERWILLER";i:5;s:6:"France";i:6;s:6:"ZENNER";i:7;s:6:"Aurore";i:8;s:26:"info@estelec-industrie.com";i:9;s:20:"+33 (0)3 88 82 61 00";}s:11:"facturation";a:10:{i:0;s:7:"Estelec";i:1;s:48:"Parc d\'activit\xc3\xa9s du Giessen, Rue du Sommerberg";i:2;s:0:"";i:3;s:5:"67750";i:4;s:11:"SCHERWILLER";i:5;s:6:"France";i:6;s:6:"ZENNER";i:7;s:6:"Aurore";i:8;s:26:"info@estelec-industrie.com";i:9;s:20:"+33 (0)3 88 82 61 00";}}'
ERROR - [ValueError]b'a:4:{s:5:"achat";a:4:{i:0;s:5:"MICOU";i:1;s:6:"K\xc3\xa9vin";i:2;s:20:"kevinmicou@orange.fr";i:3;s:10:"0612207227";}s:10:"technicien";a:4:{i:0;s:5:"MICOU";i:1;s:6:"K\xc3\xa9vin";i:2;s:20:"kevinmicou@orange.fr";i:3;s:10:"0612207227";}s:9:"livraison";a:10:{i:0;s:12:"MICOU K\xc3\xa9vin";i:1;s:19:"20 Avenue d\'Angers";i:2;s:0:"";i:3;s:5:"49430";i:4;s:6:"DURTAL";i:5;s:6:"France";i:6;s:5:"MICOU";i:7;s:6:"K\xc3\xa9vin";i:8;s:20:"kevinmicou@orange.fr";i:9;s:10:"0612207227";}s:11:"facturation";a:10:{i:0;s:12:"MICOU K\xc3\xa9vin";i:1;s:19:"20 Avenue d\'Angers";i:2;s:0:"";i:3;s:5:"49430";i:4;s:6:"DURTAL";i:5;s:6:"France";i:6;s:5:"MICOU";i:7;s:6:"K\xc3\xa9vin";i:8;s:20:"kevinmicou@orange.fr";i:9;s:10:"0612207227";}}'
ERROR - [ValueError]b'a:4:{s:5:"achat";a:4:{i:0;s:4:"Joel";i:1;s:8:"ROESSNER";i:2;s:22:"billing@strataggem.com";i:3;s:10:"0678551301";}s:10:"technicien";a:4:{i:0;s:4:"Joel";i:1;s:8:"ROESSNER";i:2;s:28:"joel.roessner@strataggem.com";i:3;s:10:"0678551301";}s:9:"livraison";a:10:{i:0;s:10:"STRATAGGEM";i:1;s:24:"36 rue de l\'Universit\xc3\xa9";i:2;s:0:"";i:3;s:5:"67000";i:4;s:10:"STRASBOURG";i:5;s:6:"France";i:6;s:4:"Joel";i:7;s:8:"ROESSNER";i:8;s:22:"billing@strataggem.com";i:9;s:10:"0678551301";}s:11:"facturation";a:10:{i:0;s:10:"STRATAGGEM";i:1;s:24:"36 rue de l\'Universit\xc3\xa9";i:2;s:0:"";i:3;s:5:"67000";i:4;s:10:"STRASBOURG";i:5;s:6:"France";i:6;s:4:"Joel";i:7;s:8:"ROESSNER";i:8;s:22:"billing@strataggem.com";i:9;s:10:"0678551301";}}'
ERROR - [ValueError]b'a:4:{s:5:"achat";a:4:{i:0;s:8:"PLATEAUX";i:1;s:7:"VINCENT";i:2;s:29:"vincent.plateaux@inodesign.fr";i:3;s:10:"0784409562";}s:10:"technicien";a:4:{i:0;s:8:"PLATEAUX";i:1;s:7:"VINCENT";i:2;s:29:"vincent.plateaux@inodesign.fr";i:3;s:10:"0784409562";}s:9:"livraison";a:10:{i:0;s:9:"INODESIGN";i:1;s:18:"SERVICE PRODUCTION";i:2;s:25:"8 ALLEE DE LA BRIQUETERIE";i:3;s:5:"59650";i:4;s:18:"VILLENEUVE D\'ASCQ";i:5;s:6:"France";i:6;s:8:"PLATEAUX";i:7;s:7:"VINCENT";i:8;s:29:"vincent.plateaux@inodesign.fr";i:9;s:10:"0784409562";}s:11:"facturation";a:10:{i:0;s:9:"INODESIGN";i:1;s:18:"SERVICE PRODUCTION";i:2;s:25:"8 ALLEE DE LA BRIQUETERIE";i:3;s:5:"59650";i:4;s:18:"VILLENEUVE D\'ASCQ";i:5;s:6:"France";i:6;s:8:"CORONADO";i:7;s:7:"MICKAEL";i:8;s:20:"mickael@inodesign.fr";i:9;s:10:"0784409562";}}'
ERROR - [ValueError]b'a:4:{s:5:"achat";a:4:{i:0;s:6:"GOUDIN";i:1;s:4:"Eric";i:2;s:18:"pao@electronie.com";i:3;s:12:" 33492282900";}s:10:"technicien";a:4:{i:0;s:6:"GOUDIN";i:1;s:4:"Eric";i:2;s:18:"pao@electronie.com";i:3;s:12:" 33492282900";}s:9:"livraison";a:10:{i:0;s:10:"ELECTRONIE";i:1;s:26:"Lot 53 Voie E ZI L\'ARGILE";i:2;s:0:"";i:3;s:5:"06370";i:4;s:14:"MOUANS-SARTOUX";i:5;s:6:"France";i:6;s:6:"GOUDIN";i:7;s:4:"Eric";i:8;s:18:"pao@electronie.com";i:9;s:12:" 33492282900";}s:11:"facturation";a:10:{i:0;s:10:"ELECTRONIE";i:1;s:26:"Lot 53 Voie E ZI L\'ARGILE";i:2;s:0:"";i:3;s:5:"06370";i:4;s:14:"MOUANS-SARTOUX";i:5;s:6:"France";i:6;s:6:"GOUDIN";i:7;s:4:"Eric";i:8;s:18:"pao@electronie.com";i:9;s:12:" 33492282900";}}'
ERROR - [ValueError]b'a:4:{s:5:"achat";a:4:{i:0;s:6:"ZENNER";i:1;s:6:"Aurore";i:2;s:26:"info@estelec-industrie.com";i:3;s:20:"+33 (0)3 88 82 61 08";}s:10:"technicien";a:4:{i:0;s:7:"JANIAUD";i:1;s:5:"Cyril";i:2;s:35:"cyril.janiaud@estelec-industrie.com";i:3;s:20:"+33 (0)3 88 82 61 00";}s:9:"livraison";a:10:{i:0;s:7:"Estelec";i:1;s:48:"Parc d\'activit\xc3\xa9s du Giessen, Rue du Sommerberg";i:2;s:0:"";i:3;s:5:"67750";i:4;s:11:"SCHERWILLER";i:5;s:6:"France";i:6;s:6:"ZENNER";i:7;s:6:"Aurore";i:8;s:26:"info@estelec-industrie.com";i:9;s:20:"+33 (0)3 88 82 61 00";}s:11:"facturation";a:10:{i:0;s:7:"Estelec";i:1;s:48:"Parc d\'activit\xc3\xa9s du Giessen, Rue du Sommerberg";i:2;s:0:"";i:3;s:5:"67750";i:4;s:11:"SCHERWILLER";i:5;s:6:"France";i:6;s:6:"ZENNER";i:7;s:6:"Aurore";i:8;s:26:"info@estelec-industrie.com";i:9;s:20:"+33 (0)3 88 82 61 00";}}'
ERROR - [ValueError]b'a:4:{s:5:"achat";a:4:{i:0;s:5:"MICOU";i:1;s:6:"K\xc3\xa9vin";i:2;s:20:"kevinmicou@orange.fr";i:3;s:10:"0612207227";}s:10:"technicien";a:4:{i:0;s:5:"MICOU";i:1;s:6:"K\xc3\xa9vin";i:2;s:20:"kevinmicou@orange.fr";i:3;s:10:"0612207227";}s:9:"livraison";a:10:{i:0;s:12:"MICOU K\xc3\xa9vin";i:1;s:19:"20 Avenue d\'Angers";i:2;s:0:"";i:3;s:5:"49430";i:4;s:6:"DURTAL";i:5;s:6:"France";i:6;s:5:"MICOU";i:7;s:6:"K\xc3\xa9vin";i:8;s:20:"kevinmicou@orange.fr";i:9;s:10:"0612207227";}s:11:"facturation";a:10:{i:0;s:12:"MICOU K\xc3\xa9vin";i:1;s:19:"20 Avenue d\'Angers";i:2;s:0:"";i:3;s:5:"49430";i:4;s:6:"DURTAL";i:5;s:6:"France";i:6;s:5:"MICOU";i:7;s:6:"K\xc3\xa9vin";i:8;s:20:"kevinmicou@orange.fr";i:9;s:10:"0612207227";}}'
ERROR - [ValueError]b'a:4:{s:5:"achat";a:4:{i:0;s:4:"Joel";i:1;s:8:"ROESSNER";i:2;s:22:"billing@strataggem.com";i:3;s:10:"0678551301";}s:10:"technicien";a:4:{i:0;s:4:"Joel";i:1;s:8:"ROESSNER";i:2;s:28:"joel.roessner@strataggem.com";i:3;s:10:"0678551301";}s:9:"livraison";a:10:{i:0;s:10:"STRATAGGEM";i:1;s:24:"36 rue de l\'Universit\xc3\xa9";i:2;s:0:"";i:3;s:5:"67000";i:4;s:10:"STRASBOURG";i:5;s:6:"France";i:6;s:4:"Joel";i:7;s:8:"ROESSNER";i:8;s:22:"billing@strataggem.com";i:9;s:10:"0678551301";}s:11:"facturation";a:10:{i:0;s:10:"STRATAGGEM";i:1;s:24:"36 rue de l\'Universit\xc3\xa9";i:2;s:0:"";i:3;s:5:"67000";i:4;s:10:"STRASBOURG";i:5;s:6:"France";i:6;s:4:"Joel";i:7;s:8:"ROESSNER";i:8;s:22:"billing@strataggem.com";i:9;s:10:"0678551301";}}'
ERROR - [ValueError]b'a:4:{s:5:"achat";a:4:{i:0;s:8:"PLATEAUX";i:1;s:7:"VINCENT";i:2;s:29:"vincent.plateaux@inodesign.fr";i:3;s:10:"0784409562";}s:10:"technicien";a:4:{i:0;s:8:"PLATEAUX";i:1;s:7:"VINCENT";i:2;s:29:"vincent.plateaux@inodesign.fr";i:3;s:10:"0784409562";}s:9:"livraison";a:10:{i:0;s:9:"INODESIGN";i:1;s:18:"SERVICE PRODUCTION";i:2;s:25:"8 ALLEE DE LA BRIQUETERIE";i:3;s:5:"59650";i:4;s:18:"VILLENEUVE D\'ASCQ";i:5;s:6:"France";i:6;s:8:"PLATEAUX";i:7;s:7:"VINCENT";i:8;s:29:"vincent.plateaux@inodesign.fr";i:9;s:10:"0784409562";}s:11:"facturation";a:10:{i:0;s:9:"INODESIGN";i:1;s:18:"SERVICE PRODUCTION";i:2;s:25:"8 ALLEE DE LA BRIQUETERIE";i:3;s:5:"59650";i:4;s:18:"VILLENEUVE D\'ASCQ";i:5;s:6:"France";i:6;s:8:"CORONADO";i:7;s:7:"MICKAEL";i:8;s:20:"mickael@inodesign.fr";i:9;s:10:"0784409562";}}'
ERROR - [ValueError]b'a:4:{s:5:"achat";a:4:{i:0;s:6:"GOUDIN";i:1;s:4:"Eric";i:2;s:18:"pao@electronie.com";i:3;s:12:" 33492282900";}s:10:"technicien";a:4:{i:0;s:6:"GOUDIN";i:1;s:4:"Eric";i:2;s:18:"pao@electronie.com";i:3;s:12:" 33492282900";}s:9:"livraison";a:10:{i:0;s:10:"ELECTRONIE";i:1;s:26:"Lot 53 Voie E ZI L\'ARGILE";i:2;s:0:"";i:3;s:5:"06370";i:4;s:14:"MOUANS-SARTOUX";i:5;s:6:"France";i:6;s:6:"GOUDIN";i:7;s:4:"Eric";i:8;s:18:"pao@electronie.com";i:9;s:12:" 33492282900";}s:11:"facturation";a:10:{i:0;s:10:"ELECTRONIE";i:1;s:26:"Lot 53 Voie E ZI L\'ARGILE";i:2;s:0:"";i:3;s:5:"06370";i:4;s:14:"MOUANS-SARTOUX";i:5;s:6:"France";i:6;s:6:"GOUDIN";i:7;s:4:"Eric";i:8;s:18:"pao@electronie.com";i:9;s:12:" 33492282900";}}'
ERROR - [ValueError]b'a:4:{s:5:"achat";a:4:{i:0;s:6:"ZENNER";i:1;s:6:"Aurore";i:2;s:26:"info@estelec-industrie.com";i:3;s:20:"+33 (0)3 88 82 61 08";}s:10:"technicien";a:4:{i:0;s:7:"JANIAUD";i:1;s:5:"Cyril";i:2;s:35:"cyril.janiaud@estelec-industrie.com";i:3;s:20:"+33 (0)3 88 82 61 00";}s:9:"livraison";a:10:{i:0;s:7:"Estelec";i:1;s:48:"Parc d\'activit\xc3\xa9s du Giessen, Rue du Sommerberg";i:2;s:0:"";i:3;s:5:"67750";i:4;s:11:"SCHERWILLER";i:5;s:6:"France";i:6;s:6:"ZENNER";i:7;s:6:"Aurore";i:8;s:26:"info@estelec-industrie.com";i:9;s:20:"+33 (0)3 88 82 61 00";}s:11:"facturation";a:10:{i:0;s:7:"Estelec";i:1;s:48:"Parc d\'activit\xc3\xa9s du Giessen, Rue du Sommerberg";i:2;s:0:"";i:3;s:5:"67750";i:4;s:11:"SCHERWILLER";i:5;s:6:"France";i:6;s:6:"ZENNER";i:7;s:6:"Aurore";i:8;s:26:"info@estelec-industrie.com";i:9;s:20:"+33 (0)3 88 82 61 00";}}'
ERROR - [ValueError]b'a:4:{s:5:"achat";a:4:{i:0;s:5:"MICOU";i:1;s:6:"K\xc3\xa9vin";i:2;s:20:"kevinmicou@orange.fr";i:3;s:10:"0612207227";}s:10:"technicien";a:4:{i:0;s:5:"MICOU";i:1;s:6:"K\xc3\xa9vin";i:2;s:20:"kevinmicou@orange.fr";i:3;s:10:"0612207227";}s:9:"livraison";a:10:{i:0;s:12:"MICOU K\xc3\xa9vin";i:1;s:19:"20 Avenue d\'Angers";i:2;s:0:"";i:3;s:5:"49430";i:4;s:6:"DURTAL";i:5;s:6:"France";i:6;s:5:"MICOU";i:7;s:6:"K\xc3\xa9vin";i:8;s:20:"kevinmicou@orange.fr";i:9;s:10:"0612207227";}s:11:"facturation";a:10:{i:0;s:12:"MICOU K\xc3\xa9vin";i:1;s:19:"20 Avenue d\'Angers";i:2;s:0:"";i:3;s:5:"49430";i:4;s:6:"DURTAL";i:5;s:6:"France";i:6;s:5:"MICOU";i:7;s:6:"K\xc3\xa9vin";i:8;s:20:"kevinmicou@orange.fr";i:9;s:10:"0612207227";}}'
ERROR - [ValueError]b'a:4:{s:5:"achat";a:4:{i:0;s:4:"Joel";i:1;s:8:"ROESSNER";i:2;s:22:"billing@strataggem.com";i:3;s:10:"0678551301";}s:10:"technicien";a:4:{i:0;s:4:"Joel";i:1;s:8:"ROESSNER";i:2;s:28:"joel.roessner@strataggem.com";i:3;s:10:"0678551301";}s:9:"livraison";a:10:{i:0;s:10:"STRATAGGEM";i:1;s:24:"36 rue de l\'Universit\xc3\xa9";i:2;s:0:"";i:3;s:5:"67000";i:4;s:10:"STRASBOURG";i:5;s:6:"France";i:6;s:4:"Joel";i:7;s:8:"ROESSNER";i:8;s:22:"billing@strataggem.com";i:9;s:10:"0678551301";}s:11:"facturation";a:10:{i:0;s:10:"STRATAGGEM";i:1;s:24:"36 rue de l\'Universit\xc3\xa9";i:2;s:0:"";i:3;s:5:"67000";i:4;s:10:"STRASBOURG";i:5;s:6:"France";i:6;s:4:"Joel";i:7;s:8:"ROESSNER";i:8;s:22:"billing@strataggem.com";i:9;s:10:"0678551301";}}'
ERROR - [ValueError]b'a:4:{s:5:"achat";a:4:{i:0;s:8:"PLATEAUX";i:1;s:7:"VINCENT";i:2;s:29:"vincent.plateaux@inodesign.fr";i:3;s:10:"0784409562";}s:10:"technicien";a:4:{i:0;s:8:"PLATEAUX";i:1;s:7:"VINCENT";i:2;s:29:"vincent.plateaux@inodesign.fr";i:3;s:10:"0784409562";}s:9:"livraison";a:10:{i:0;s:9:"INODESIGN";i:1;s:18:"SERVICE PRODUCTION";i:2;s:25:"8 ALLEE DE LA BRIQUETERIE";i:3;s:5:"59650";i:4;s:18:"VILLENEUVE D\'ASCQ";i:5;s:6:"France";i:6;s:8:"PLATEAUX";i:7;s:7:"VINCENT";i:8;s:29:"vincent.plateaux@inodesign.fr";i:9;s:10:"0784409562";}s:11:"facturation";a:10:{i:0;s:9:"INODESIGN";i:1;s:18:"SERVICE PRODUCTION";i:2;s:25:"8 ALLEE DE LA BRIQUETERIE";i:3;s:5:"59650";i:4;s:18:"VILLENEUVE D\'ASCQ";i:5;s:6:"France";i:6;s:8:"CORONADO";i:7;s:7:"MICKAEL";i:8;s:20:"mickael@inodesign.fr";i:9;s:10:"0784409562";}}'
ERROR - [ValueError]b'a:4:{s:5:"achat";a:4:{i:0;s:6:"GOUDIN";i:1;s:4:"Eric";i:2;s:18:"pao@electronie.com";i:3;s:12:" 33492282900";}s:10:"technicien";a:4:{i:0;s:6:"GOUDIN";i:1;s:4:"Eric";i:2;s:18:"pao@electronie.com";i:3;s:12:" 33492282900";}s:9:"livraison";a:10:{i:0;s:10:"ELECTRONIE";i:1;s:26:"Lot 53 Voie E ZI L\'ARGILE";i:2;s:0:"";i:3;s:5:"06370";i:4;s:14:"MOUANS-SARTOUX";i:5;s:6:"France";i:6;s:6:"GOUDIN";i:7;s:4:"Eric";i:8;s:18:"pao@electronie.com";i:9;s:12:" 33492282900";}s:11:"facturation";a:10:{i:0;s:10:"ELECTRONIE";i:1;s:26:"Lot 53 Voie E ZI L\'ARGILE";i:2;s:0:"";i:3;s:5:"06370";i:4;s:14:"MOUANS-SARTOUX";i:5;s:6:"France";i:6;s:6:"GOUDIN";i:7;s:4:"Eric";i:8;s:18:"pao@electronie.com";i:9;s:12:" 33492282900";}}'
ERROR - [ValueError]b'a:4:{s:5:"achat";a:4:{i:0;s:6:"ZENNER";i:1;s:6:"Aurore";i:2;s:26:"info@estelec-industrie.com";i:3;s:20:"+33 (0)3 88 82 61 08";}s:10:"technicien";a:4:{i:0;s:7:"JANIAUD";i:1;s:5:"Cyril";i:2;s:35:"cyril.janiaud@estelec-industrie.com";i:3;s:20:"+33 (0)3 88 82 61 00";}s:9:"livraison";a:10:{i:0;s:7:"Estelec";i:1;s:48:"Parc d\'activit\xc3\xa9s du Giessen, Rue du Sommerberg";i:2;s:0:"";i:3;s:5:"67750";i:4;s:11:"SCHERWILLER";i:5;s:6:"France";i:6;s:6:"ZENNER";i:7;s:6:"Aurore";i:8;s:26:"info@estelec-industrie.com";i:9;s:20:"+33 (0)3 88 82 61 00";}s:11:"facturation";a:10:{i:0;s:7:"Estelec";i:1;s:48:"Parc d\'activit\xc3\xa9s du Giessen, Rue du Sommerberg";i:2;s:0:"";i:3;s:5:"67750";i:4;s:11:"SCHERWILLER";i:5;s:6:"France";i:6;s:6:"ZENNER";i:7;s:6:"Aurore";i:8;s:26:"info@estelec-industrie.com";i:9;s:20:"+33 (0)3 88 82 61 00";}}'
ERROR - [ValueError]b'a:4:{s:5:"achat";a:4:{i:0;s:5:"MICOU";i:1;s:6:"K\xc3\xa9vin";i:2;s:20:"kevinmicou@orange.fr";i:3;s:10:"0612207227";}s:10:"technicien";a:4:{i:0;s:5:"MICOU";i:1;s:6:"K\xc3\xa9vin";i:2;s:20:"kevinmicou@orange.fr";i:3;s:10:"0612207227";}s:9:"livraison";a:10:{i:0;s:12:"MICOU K\xc3\xa9vin";i:1;s:19:"20 Avenue d\'Angers";i:2;s:0:"";i:3;s:5:"49430";i:4;s:6:"DURTAL";i:5;s:6:"France";i:6;s:5:"MICOU";i:7;s:6:"K\xc3\xa9vin";i:8;s:20:"kevinmicou@orange.fr";i:9;s:10:"0612207227";}s:11:"facturation";a:10:{i:0;s:12:"MICOU K\xc3\xa9vin";i:1;s:19:"20 Avenue d\'Angers";i:2;s:0:"";i:3;s:5:"49430";i:4;s:6:"DURTAL";i:5;s:6:"France";i:6;s:5:"MICOU";i:7;s:6:"K\xc3\xa9vin";i:8;s:20:"kevinmicou@orange.fr";i:9;s:10:"0612207227";}}'
ERROR - [ValueError]b'a:4:{s:5:"achat";a:4:{i:0;s:4:"Joel";i:1;s:8:"ROESSNER";i:2;s:22:"billing@strataggem.com";i:3;s:10:"0678551301";}s:10:"technicien";a:4:{i:0;s:4:"Joel";i:1;s:8:"ROESSNER";i:2;s:28:"joel.roessner@strataggem.com";i:3;s:10:"0678551301";}s:9:"livraison";a:10:{i:0;s:10:"STRATAGGEM";i:1;s:24:"36 rue de l\'Universit\xc3\xa9";i:2;s:0:"";i:3;s:5:"67000";i:4;s:10:"STRASBOURG";i:5;s:6:"France";i:6;s:4:"Joel";i:7;s:8:"ROESSNER";i:8;s:22:"billing@strataggem.com";i:9;s:10:"0678551301";}s:11:"facturation";a:10:{i:0;s:10:"STRATAGGEM";i:1;s:24:"36 rue de l\'Universit\xc3\xa9";i:2;s:0:"";i:3;s:5:"67000";i:4;s:10:"STRASBOURG";i:5;s:6:"France";i:6;s:4:"Joel";i:7;s:8:"ROESSNER";i:8;s:22:"billing@strataggem.com";i:9;s:10:"0678551301";}}'
ERROR - [ValueError]b'a:4:{s:5:"achat";a:4:{i:0;s:8:"PLATEAUX";i:1;s:7:"VINCENT";i:2;s:29:"vincent.plateaux@inodesign.fr";i:3;s:10:"0784409562";}s:10:"technicien";a:4:{i:0;s:8:"PLATEAUX";i:1;s:7:"VINCENT";i:2;s:29:"vincent.plateaux@inodesign.fr";i:3;s:10:"0784409562";}s:9:"livraison";a:10:{i:0;s:9:"INODESIGN";i:1;s:18:"SERVICE PRODUCTION";i:2;s:25:"8 ALLEE DE LA BRIQUETERIE";i:3;s:5:"59650";i:4;s:18:"VILLENEUVE D\'ASCQ";i:5;s:6:"France";i:6;s:8:"PLATEAUX";i:7;s:7:"VINCENT";i:8;s:29:"vincent.plateaux@inodesign.fr";i:9;s:10:"0784409562";}s:11:"facturation";a:10:{i:0;s:9:"INODESIGN";i:1;s:18:"SERVICE PRODUCTION";i:2;s:25:"8 ALLEE DE LA BRIQUETERIE";i:3;s:5:"59650";i:4;s:18:"VILLENEUVE D\'ASCQ";i:5;s:6:"France";i:6;s:8:"CORONADO";i:7;s:7:"MICKAEL";i:8;s:20:"mickael@inodesign.fr";i:9;s:10:"0784409562";}}'
ERROR - [ValueError]b'a:4:{s:5:"achat";a:4:{i:0;s:6:"GOUDIN";i:1;s:4:"Eric";i:2;s:18:"pao@electronie.com";i:3;s:12:" 33492282900";}s:10:"technicien";a:4:{i:0;s:6:"GOUDIN";i:1;s:4:"Eric";i:2;s:18:"pao@electronie.com";i:3;s:12:" 33492282900";}s:9:"livraison";a:10:{i:0;s:10:"ELECTRONIE";i:1;s:26:"Lot 53 Voie E ZI L\'ARGILE";i:2;s:0:"";i:3;s:5:"06370";i:4;s:14:"MOUANS-SARTOUX";i:5;s:6:"France";i:6;s:6:"GOUDIN";i:7;s:4:"Eric";i:8;s:18:"pao@electronie.com";i:9;s:12:" 33492282900";}s:11:"facturation";a:10:{i:0;s:10:"ELECTRONIE";i:1;s:26:"Lot 53 Voie E ZI L\'ARGILE";i:2;s:0:"";i:3;s:5:"06370";i:4;s:14:"MOUANS-SARTOUX";i:5;s:6:"France";i:6;s:6:"GOUDIN";i:7;s:4:"Eric";i:8;s:18:"pao@electronie.com";i:9;s:12:" 33492282900";}}'
ERROR - [ValueError]b'a:4:{s:5:"achat";a:4:{i:0;s:6:"ZENNER";i:1;s:6:"Aurore";i:2;s:26:"info@estelec-industrie.com";i:3;s:20:"+33 (0)3 88 82 61 08";}s:10:"technicien";a:4:{i:0;s:7:"JANIAUD";i:1;s:5:"Cyril";i:2;s:35:"cyril.janiaud@estelec-industrie.com";i:3;s:20:"+33 (0)3 88 82 61 00";}s:9:"livraison";a:10:{i:0;s:7:"Estelec";i:1;s:48:"Parc d\'activit\xc3\xa9s du Giessen, Rue du Sommerberg";i:2;s:0:"";i:3;s:5:"67750";i:4;s:11:"SCHERWILLER";i:5;s:6:"France";i:6;s:6:"ZENNER";i:7;s:6:"Aurore";i:8;s:26:"info@estelec-industrie.com";i:9;s:20:"+33 (0)3 88 82 61 00";}s:11:"facturation";a:10:{i:0;s:7:"Estelec";i:1;s:48:"Parc d\'activit\xc3\xa9s du Giessen, Rue du Sommerberg";i:2;s:0:"";i:3;s:5:"67750";i:4;s:11:"SCHERWILLER";i:5;s:6:"France";i:6;s:6:"ZENNER";i:7;s:6:"Aurore";i:8;s:26:"info@estelec-industrie.com";i:9;s:20:"+33 (0)3 88 82 61 00";}}'
ERROR - [ValueError]b'a:4:{s:5:"achat";a:4:{i:0;s:5:"MICOU";i:1;s:6:"K\xc3\xa9vin";i:2;s:20:"kevinmicou@orange.fr";i:3;s:10:"0612207227";}s:10:"technicien";a:4:{i:0;s:5:"MICOU";i:1;s:6:"K\xc3\xa9vin";i:2;s:20:"kevinmicou@orange.fr";i:3;s:10:"0612207227";}s:9:"livraison";a:10:{i:0;s:12:"MICOU K\xc3\xa9vin";i:1;s:19:"20 Avenue d\'Angers";i:2;s:0:"";i:3;s:5:"49430";i:4;s:6:"DURTAL";i:5;s:6:"France";i:6;s:5:"MICOU";i:7;s:6:"K\xc3\xa9vin";i:8;s:20:"kevinmicou@orange.fr";i:9;s:10:"0612207227";}s:11:"facturation";a:10:{i:0;s:12:"MICOU K\xc3\xa9vin";i:1;s:19:"20 Avenue d\'Angers";i:2;s:0:"";i:3;s:5:"49430";i:4;s:6:"DURTAL";i:5;s:6:"France";i:6;s:5:"MICOU";i:7;s:6:"K\xc3\xa9vin";i:8;s:20:"kevinmicou@orange.fr";i:9;s:10:"0612207227";}}'
ERROR - [ValueError]b'a:4:{s:5:"achat";a:4:{i:0;s:4:"Joel";i:1;s:8:"ROESSNER";i:2;s:22:"billing@strataggem.com";i:3;s:10:"0678551301";}s:10:"technicien";a:4:{i:0;s:4:"Joel";i:1;s:8:"ROESSNER";i:2;s:28:"joel.roessner@strataggem.com";i:3;s:10:"0678551301";}s:9:"livraison";a:10:{i:0;s:10:"STRATAGGEM";i:1;s:24:"36 rue de l\'Universit\xc3\xa9";i:2;s:0:"";i:3;s:5:"67000";i:4;s:10:"STRASBOURG";i:5;s:6:"France";i:6;s:4:"Joel";i:7;s:8:"ROESSNER";i:8;s:22:"billing@strataggem.com";i:9;s:10:"0678551301";}s:11:"facturation";a:10:{i:0;s:10:"STRATAGGEM";i:1;s:24:"36 rue de l\'Universit\xc3\xa9";i:2;s:0:"";i:3;s:5:"67000";i:4;s:10:"STRASBOURG";i:5;s:6:"France";i:6;s:4:"Joel";i:7;s:8:"ROESSNER";i:8;s:22:"billing@strataggem.com";i:9;s:10:"0678551301";}}'
ERROR - [ValueError]b'a:4:{s:5:"achat";a:4:{i:0;s:8:"PLATEAUX";i:1;s:7:"VINCENT";i:2;s:29:"vincent.plateaux@inodesign.fr";i:3;s:10:"0784409562";}s:10:"technicien";a:4:{i:0;s:8:"PLATEAUX";i:1;s:7:"VINCENT";i:2;s:29:"vincent.plateaux@inodesign.fr";i:3;s:10:"0784409562";}s:9:"livraison";a:10:{i:0;s:9:"INODESIGN";i:1;s:18:"SERVICE PRODUCTION";i:2;s:25:"8 ALLEE DE LA BRIQUETERIE";i:3;s:5:"59650";i:4;s:18:"VILLENEUVE D\'ASCQ";i:5;s:6:"France";i:6;s:8:"PLATEAUX";i:7;s:7:"VINCENT";i:8;s:29:"vincent.plateaux@inodesign.fr";i:9;s:10:"0784409562";}s:11:"facturation";a:10:{i:0;s:9:"INODESIGN";i:1;s:18:"SERVICE PRODUCTION";i:2;s:25:"8 ALLEE DE LA BRIQUETERIE";i:3;s:5:"59650";i:4;s:18:"VILLENEUVE D\'ASCQ";i:5;s:6:"France";i:6;s:8:"CORONADO";i:7;s:7:"MICKAEL";i:8;s:20:"mickael@inodesign.fr";i:9;s:10:"0784409562";}}'
ERROR - [ValueError]b'a:4:{s:5:"achat";a:4:{i:0;s:6:"GOUDIN";i:1;s:4:"Eric";i:2;s:18:"pao@electronie.com";i:3;s:12:" 33492282900";}s:10:"technicien";a:4:{i:0;s:6:"GOUDIN";i:1;s:4:"Eric";i:2;s:18:"pao@electronie.com";i:3;s:12:" 33492282900";}s:9:"livraison";a:10:{i:0;s:10:"ELECTRONIE";i:1;s:26:"Lot 53 Voie E ZI L\'ARGILE";i:2;s:0:"";i:3;s:5:"06370";i:4;s:14:"MOUANS-SARTOUX";i:5;s:6:"France";i:6;s:6:"GOUDIN";i:7;s:4:"Eric";i:8;s:18:"pao@electronie.com";i:9;s:12:" 33492282900";}s:11:"facturation";a:10:{i:0;s:10:"ELECTRONIE";i:1;s:26:"Lot 53 Voie E ZI L\'ARGILE";i:2;s:0:"";i:3;s:5:"06370";i:4;s:14:"MOUANS-SARTOUX";i:5;s:6:"France";i:6;s:6:"GOUDIN";i:7;s:4:"Eric";i:8;s:18:"pao@electronie.com";i:9;s:12:" 33492282900";}}'
ERROR - [ValueError]b'a:4:{s:5:"achat";a:4:{i:0;s:6:"ZENNER";i:1;s:6:"Aurore";i:2;s:26:"info@estelec-industrie.com";i:3;s:20:"+33 (0)3 88 82 61 08";}s:10:"technicien";a:4:{i:0;s:7:"JANIAUD";i:1;s:5:"Cyril";i:2;s:35:"cyril.janiaud@estelec-industrie.com";i:3;s:20:"+33 (0)3 88 82 61 00";}s:9:"livraison";a:10:{i:0;s:7:"Estelec";i:1;s:48:"Parc d\'activit\xc3\xa9s du Giessen, Rue du Sommerberg";i:2;s:0:"";i:3;s:5:"67750";i:4;s:11:"SCHERWILLER";i:5;s:6:"France";i:6;s:6:"ZENNER";i:7;s:6:"Aurore";i:8;s:26:"info@estelec-industrie.com";i:9;s:20:"+33 (0)3 88 82 61 00";}s:11:"facturation";a:10:{i:0;s:7:"Estelec";i:1;s:48:"Parc d\'activit\xc3\xa9s du Giessen, Rue du Sommerberg";i:2;s:0:"";i:3;s:5:"67750";i:4;s:11:"SCHERWILLER";i:5;s:6:"France";i:6;s:6:"ZENNER";i:7;s:6:"Aurore";i:8;s:26:"info@estelec-industrie.com";i:9;s:20:"+33 (0)3 88 82 61 00";}}'
ERROR - [ValueError]b'a:4:{s:5:"achat";a:4:{i:0;s:5:"MICOU";i:1;s:6:"K\xc3\xa9vin";i:2;s:20:"kevinmicou@orange.fr";i:3;s:10:"0612207227";}s:10:"technicien";a:4:{i:0;s:5:"MICOU";i:1;s:6:"K\xc3\xa9vin";i:2;s:20:"kevinmicou@orange.fr";i:3;s:10:"0612207227";}s:9:"livraison";a:10:{i:0;s:12:"MICOU K\xc3\xa9vin";i:1;s:19:"20 Avenue d\'Angers";i:2;s:0:"";i:3;s:5:"49430";i:4;s:6:"DURTAL";i:5;s:6:"France";i:6;s:5:"MICOU";i:7;s:6:"K\xc3\xa9vin";i:8;s:20:"kevinmicou@orange.fr";i:9;s:10:"0612207227";}s:11:"facturation";a:10:{i:0;s:12:"MICOU K\xc3\xa9vin";i:1;s:19:"20 Avenue d\'Angers";i:2;s:0:"";i:3;s:5:"49430";i:4;s:6:"DURTAL";i:5;s:6:"France";i:6;s:5:"MICOU";i:7;s:6:"K\xc3\xa9vin";i:8;s:20:"kevinmicou@orange.fr";i:9;s:10:"0612207227";}}'
ERROR - [ValueError]b'a:4:{s:5:"achat";a:4:{i:0;s:4:"Joel";i:1;s:8:"ROESSNER";i:2;s:22:"billing@strataggem.com";i:3;s:10:"0678551301";}s:10:"technicien";a:4:{i:0;s:4:"Joel";i:1;s:8:"ROESSNER";i:2;s:28:"joel.roessner@strataggem.com";i:3;s:10:"0678551301";}s:9:"livraison";a:10:{i:0;s:10:"STRATAGGEM";i:1;s:24:"36 rue de l\'Universit\xc3\xa9";i:2;s:0:"";i:3;s:5:"67000";i:4;s:10:"STRASBOURG";i:5;s:6:"France";i:6;s:4:"Joel";i:7;s:8:"ROESSNER";i:8;s:22:"billing@strataggem.com";i:9;s:10:"0678551301";}s:11:"facturation";a:10:{i:0;s:10:"STRATAGGEM";i:1;s:24:"36 rue de l\'Universit\xc3\xa9";i:2;s:0:"";i:3;s:5:"67000";i:4;s:10:"STRASBOURG";i:5;s:6:"France";i:6;s:4:"Joel";i:7;s:8:"ROESSNER";i:8;s:22:"billing@strataggem.com";i:9;s:10:"0678551301";}}'
ERROR - [ValueError]b'a:4:{s:5:"achat";a:4:{i:0;s:8:"PLATEAUX";i:1;s:7:"VINCENT";i:2;s:29:"vincent.plateaux@inodesign.fr";i:3;s:10:"0784409562";}s:10:"technicien";a:4:{i:0;s:8:"PLATEAUX";i:1;s:7:"VINCENT";i:2;s:29:"vincent.plateaux@inodesign.fr";i:3;s:10:"0784409562";}s:9:"livraison";a:10:{i:0;s:9:"INODESIGN";i:1;s:18:"SERVICE PRODUCTION";i:2;s:25:"8 ALLEE DE LA BRIQUETERIE";i:3;s:5:"59650";i:4;s:18:"VILLENEUVE D\'ASCQ";i:5;s:6:"France";i:6;s:8:"PLATEAUX";i:7;s:7:"VINCENT";i:8;s:29:"vincent.plateaux@inodesign.fr";i:9;s:10:"0784409562";}s:11:"facturation";a:10:{i:0;s:9:"INODESIGN";i:1;s:18:"SERVICE PRODUCTION";i:2;s:25:"8 ALLEE DE LA BRIQUETERIE";i:3;s:5:"59650";i:4;s:18:"VILLENEUVE D\'ASCQ";i:5;s:6:"France";i:6;s:8:"CORONADO";i:7;s:7:"MICKAEL";i:8;s:20:"mickael@inodesign.fr";i:9;s:10:"0784409562";}}'
ERROR - [ValueError]b'a:4:{s:5:"achat";a:4:{i:0;s:6:"GOUDIN";i:1;s:4:"Eric";i:2;s:18:"pao@electronie.com";i:3;s:12:" 33492282900";}s:10:"technicien";a:4:{i:0;s:6:"GOUDIN";i:1;s:4:"Eric";i:2;s:18:"pao@electronie.com";i:3;s:12:" 33492282900";}s:9:"livraison";a:10:{i:0;s:10:"ELECTRONIE";i:1;s:26:"Lot 53 Voie E ZI L\'ARGILE";i:2;s:0:"";i:3;s:5:"06370";i:4;s:14:"MOUANS-SARTOUX";i:5;s:6:"France";i:6;s:6:"GOUDIN";i:7;s:4:"Eric";i:8;s:18:"pao@electronie.com";i:9;s:12:" 33492282900";}s:11:"facturation";a:10:{i:0;s:10:"ELECTRONIE";i:1;s:26:"Lot 53 Voie E ZI L\'ARGILE";i:2;s:0:"";i:3;s:5:"06370";i:4;s:14:"MOUANS-SARTOUX";i:5;s:6:"France";i:6;s:6:"GOUDIN";i:7;s:4:"Eric";i:8;s:18:"pao@electronie.com";i:9;s:12:" 33492282900";}}'
ERROR - [ValueError]b'a:4:{s:5:"achat";a:4:{i:0;s:6:"ZENNER";i:1;s:6:"Aurore";i:2;s:26:"info@estelec-industrie.com";i:3;s:20:"+33 (0)3 88 82 61 08";}s:10:"technicien";a:4:{i:0;s:7:"JANIAUD";i:1;s:5:"Cyril";i:2;s:35:"cyril.janiaud@estelec-industrie.com";i:3;s:20:"+33 (0)3 88 82 61 00";}s:9:"livraison";a:10:{i:0;s:7:"Estelec";i:1;s:48:"Parc d\'activit\xc3\xa9s du Giessen, Rue du Sommerberg";i:2;s:0:"";i:3;s:5:"67750";i:4;s:11:"SCHERWILLER";i:5;s:6:"France";i:6;s:6:"ZENNER";i:7;s:6:"Aurore";i:8;s:26:"info@estelec-industrie.com";i:9;s:20:"+33 (0)3 88 82 61 00";}s:11:"facturation";a:10:{i:0;s:7:"Estelec";i:1;s:48:"Parc d\'activit\xc3\xa9s du Giessen, Rue du Sommerberg";i:2;s:0:"";i:3;s:5:"67750";i:4;s:11:"SCHERWILLER";i:5;s:6:"France";i:6;s:6:"ZENNER";i:7;s:6:"Aurore";i:8;s:26:"info@estelec-industrie.com";i:9;s:20:"+33 (0)3 88 82 61 00";}}'
ERROR - [ValueError]b'a:4:{s:5:"achat";a:4:{i:0;s:5:"MICOU";i:1;s:6:"K\xc3\xa9vin";i:2;s:20:"kevinmicou@orange.fr";i:3;s:10:"0612207227";}s:10:"technicien";a:4:{i:0;s:5:"MICOU";i:1;s:6:"K\xc3\xa9vin";i:2;s:20:"kevinmicou@orange.fr";i:3;s:10:"0612207227";}s:9:"livraison";a:10:{i:0;s:12:"MICOU K\xc3\xa9vin";i:1;s:19:"20 Avenue d\'Angers";i:2;s:0:"";i:3;s:5:"49430";i:4;s:6:"DURTAL";i:5;s:6:"France";i:6;s:5:"MICOU";i:7;s:6:"K\xc3\xa9vin";i:8;s:20:"kevinmicou@orange.fr";i:9;s:10:"0612207227";}s:11:"facturation";a:10:{i:0;s:12:"MICOU K\xc3\xa9vin";i:1;s:19:"20 Avenue d\'Angers";i:2;s:0:"";i:3;s:5:"49430";i:4;s:6:"DURTAL";i:5;s:6:"France";i:6;s:5:"MICOU";i:7;s:6:"K\xc3\xa9vin";i:8;s:20:"kevinmicou@orange.fr";i:9;s:10:"0612207227";}}'
ERROR - [ValueError]b'a:4:{s:5:"achat";a:4:{i:0;s:4:"Joel";i:1;s:8:"ROESSNER";i:2;s:22:"billing@strataggem.com";i:3;s:10:"0678551301";}s:10:"technicien";a:4:{i:0;s:4:"Joel";i:1;s:8:"ROESSNER";i:2;s:28:"joel.roessner@strataggem.com";i:3;s:10:"0678551301";}s:9:"livraison";a:10:{i:0;s:10:"STRATAGGEM";i:1;s:24:"36 rue de l\'Universit\xc3\xa9";i:2;s:0:"";i:3;s:5:"67000";i:4;s:10:"STRASBOURG";i:5;s:6:"France";i:6;s:4:"Joel";i:7;s:8:"ROESSNER";i:8;s:22:"billing@strataggem.com";i:9;s:10:"0678551301";}s:11:"facturation";a:10:{i:0;s:10:"STRATAGGEM";i:1;s:24:"36 rue de l\'Universit\xc3\xa9";i:2;s:0:"";i:3;s:5:"67000";i:4;s:10:"STRASBOURG";i:5;s:6:"France";i:6;s:4:"Joel";i:7;s:8:"ROESSNER";i:8;s:22:"billing@strataggem.com";i:9;s:10:"0678551301";}}'
ERROR - [ValueError]b'a:4:{s:5:"achat";a:4:{i:0;s:8:"PLATEAUX";i:1;s:7:"VINCENT";i:2;s:29:"vincent.plateaux@inodesign.fr";i:3;s:10:"0784409562";}s:10:"technicien";a:4:{i:0;s:8:"PLATEAUX";i:1;s:7:"VINCENT";i:2;s:29:"vincent.plateaux@inodesign.fr";i:3;s:10:"0784409562";}s:9:"livraison";a:10:{i:0;s:9:"INODESIGN";i:1;s:18:"SERVICE PRODUCTION";i:2;s:25:"8 ALLEE DE LA BRIQUETERIE";i:3;s:5:"59650";i:4;s:18:"VILLENEUVE D\'ASCQ";i:5;s:6:"France";i:6;s:8:"PLATEAUX";i:7;s:7:"VINCENT";i:8;s:29:"vincent.plateaux@inodesign.fr";i:9;s:10:"0784409562";}s:11:"facturation";a:10:{i:0;s:9:"INODESIGN";i:1;s:18:"SERVICE PRODUCTION";i:2;s:25:"8 ALLEE DE LA BRIQUETERIE";i:3;s:5:"59650";i:4;s:18:"VILLENEUVE D\'ASCQ";i:5;s:6:"France";i:6;s:8:"CORONADO";i:7;s:7:"MICKAEL";i:8;s:20:"mickael@inodesign.fr";i:9;s:10:"0784409562";}}'
ERROR - [ValueError]b'a:4:{s:5:"achat";a:4:{i:0;s:6:"GOUDIN";i:1;s:4:"Eric";i:2;s:18:"pao@electronie.com";i:3;s:12:" 33492282900";}s:10:"technicien";a:4:{i:0;s:6:"GOUDIN";i:1;s:4:"Eric";i:2;s:18:"pao@electronie.com";i:3;s:12:" 33492282900";}s:9:"livraison";a:10:{i:0;s:10:"ELECTRONIE";i:1;s:26:"Lot 53 Voie E ZI L\'ARGILE";i:2;s:0:"";i:3;s:5:"06370";i:4;s:14:"MOUANS-SARTOUX";i:5;s:6:"France";i:6;s:6:"GOUDIN";i:7;s:4:"Eric";i:8;s:18:"pao@electronie.com";i:9;s:12:" 33492282900";}s:11:"facturation";a:10:{i:0;s:10:"ELECTRONIE";i:1;s:26:"Lot 53 Voie E ZI L\'ARGILE";i:2;s:0:"";i:3;s:5:"06370";i:4;s:14:"MOUANS-SARTOUX";i:5;s:6:"France";i:6;s:6:"GOUDIN";i:7;s:4:"Eric";i:8;s:18:"pao@electronie.com";i:9;s:12:" 33492282900";}}'
ERROR - [ValueError]b'a:4:{s:5:"achat";a:4:{i:0;s:6:"ZENNER";i:1;s:6:"Aurore";i:2;s:26:"info@estelec-industrie.com";i:3;s:20:"+33 (0)3 88 82 61 08";}s:10:"technicien";a:4:{i:0;s:7:"JANIAUD";i:1;s:5:"Cyril";i:2;s:35:"cyril.janiaud@estelec-industrie.com";i:3;s:20:"+33 (0)3 88 82 61 00";}s:9:"livraison";a:10:{i:0;s:7:"Estelec";i:1;s:48:"Parc d\'activit\xc3\xa9s du Giessen, Rue du Sommerberg";i:2;s:0:"";i:3;s:5:"67750";i:4;s:11:"SCHERWILLER";i:5;s:6:"France";i:6;s:6:"ZENNER";i:7;s:6:"Aurore";i:8;s:26:"info@estelec-industrie.com";i:9;s:20:"+33 (0)3 88 82 61 00";}s:11:"facturation";a:10:{i:0;s:7:"Estelec";i:1;s:48:"Parc d\'activit\xc3\xa9s du Giessen, Rue du Sommerberg";i:2;s:0:"";i:3;s:5:"67750";i:4;s:11:"SCHERWILLER";i:5;s:6:"France";i:6;s:6:"ZENNER";i:7;s:6:"Aurore";i:8;s:26:"info@estelec-industrie.com";i:9;s:20:"+33 (0)3 88 82 61 00";}}'
ERROR - [ValueError]b'a:4:{s:5:"achat";a:4:{i:0;s:5:"MICOU";i:1;s:6:"K\xc3\xa9vin";i:2;s:20:"kevinmicou@orange.fr";i:3;s:10:"0612207227";}s:10:"technicien";a:4:{i:0;s:5:"MICOU";i:1;s:6:"K\xc3\xa9vin";i:2;s:20:"kevinmicou@orange.fr";i:3;s:10:"0612207227";}s:9:"livraison";a:10:{i:0;s:12:"MICOU K\xc3\xa9vin";i:1;s:19:"20 Avenue d\'Angers";i:2;s:0:"";i:3;s:5:"49430";i:4;s:6:"DURTAL";i:5;s:6:"France";i:6;s:5:"MICOU";i:7;s:6:"K\xc3\xa9vin";i:8;s:20:"kevinmicou@orange.fr";i:9;s:10:"0612207227";}s:11:"facturation";a:10:{i:0;s:12:"MICOU K\xc3\xa9vin";i:1;s:19:"20 Avenue d\'Angers";i:2;s:0:"";i:3;s:5:"49430";i:4;s:6:"DURTAL";i:5;s:6:"France";i:6;s:5:"MICOU";i:7;s:6:"K\xc3\xa9vin";i:8;s:20:"kevinmicou@orange.fr";i:9;s:10:"0612207227";}}'
ERROR - [ValueError]b'a:4:{s:5:"achat";a:4:{i:0;s:4:"Joel";i:1;s:8:"ROESSNER";i:2;s:22:"billing@strataggem.com";i:3;s:10:"0678551301";}s:10:"technicien";a:4:{i:0;s:4:"Joel";i:1;s:8:"ROESSNER";i:2;s:28:"joel.roessner@strataggem.com";i:3;s:10:"0678551301";}s:9:"livraison";a:10:{i:0;s:10:"STRATAGGEM";i:1;s:24:"36 rue de l\'Universit\xc3\xa9";i:2;s:0:"";i:3;s:5:"67000";i:4;s:10:"STRASBOURG";i:5;s:6:"France";i:6;s:4:"Joel";i:7;s:8:"ROESSNER";i:8;s:22:"billing@strataggem.com";i:9;s:10:"0678551301";}s:11:"facturation";a:10:{i:0;s:10:"STRATAGGEM";i:1;s:24:"36 rue de l\'Universit\xc3\xa9";i:2;s:0:"";i:3;s:5:"67000";i:4;s:10:"STRASBOURG";i:5;s:6:"France";i:6;s:4:"Joel";i:7;s:8:"ROESSNER";i:8;s:22:"billing@strataggem.com";i:9;s:10:"0678551301";}}'
INFO - error: 0 /  good: 1 total: 1
INFO - error: 0 /  good: 2 total: 2
INFO - error: 0 /  good: 3 total: 3
INFO - error: 0 /  good: 4 total: 4
INFO - error: 0 /  good: 5 total: 5
INFO - error: 0 /  good: 6 total: 6
INFO - error: 0 /  good: 7 total: 7
INFO - error: 0 /  good: 8 total: 8
INFO - error: 0 /  good: 9 total: 9
INFO - error: 0 /  good: 10 total: 10
INFO - error: 0 /  good: 11 total: 11
INFO - error: 0 /  good: 12 total: 12
INFO - error: 0 /  good: 13 total: 13
INFO - error: 0 /  good: 14 total: 14
INFO - error: 0 /  good: 15 total: 15
INFO - error: 0 /  good: 16 total: 16
INFO - error: 0 /  good: 17 total: 17
INFO - error: 0 /  good: 18 total: 18
INFO - error: 0 /  good: 19 total: 19
INFO - error: 0 /  good: 20 total: 20
INFO - error: 0 /  good: 21 total: 21
INFO - error: 0 /  good: 22 total: 22
INFO - error: 0 /  good: 23 total: 23
INFO - error: 0 /  good: 24 total: 24
INFO - error: 0 /  good: 25 total: 25
INFO - error: 0 /  good: 26 total: 26
INFO - error: 0 /  good: 27 total: 27
INFO - error: 0 /  good: 28 total: 28
INFO - error: 0 /  good: 29 total: 29
INFO - error: 0 /  good: 30 total: 30
INFO - error: 0 /  good: 31 total: 31
INFO - error: 0 /  good: 32 total: 32
INFO - error: 0 /  good: 33 total: 33
INFO - error: 0 /  good: 34 total: 34
INFO - error: 0 /  good: 35 total: 35
INFO - error: 0 /  good: 36 total: 36
INFO - error: 0 /  good: 37 total: 37
INFO - error: 0 /  good: 38 total: 38
INFO - error: 0 /  good: 39 total: 39
INFO - error: 0 /  good: 40 total: 40
ERROR - [ValueError]b'a:4:{s:5:"achat";a:4:{i:0;s:8:"PLATEAUX";i:1;s:7:"VINCENT";i:2;s:29:"vincent.plateaux@inodesign.fr";i:3;s:10:"0784409562";}s:10:"technicien";a:4:{i:0;s:8:"PLATEAUX";i:1;s:7:"VINCENT";i:2;s:29:"vincent.plateaux@inodesign.fr";i:3;s:10:"0784409562";}s:9:"livraison";a:10:{i:0;s:9:"INODESIGN";i:1;s:18:"SERVICE PRODUCTION";i:2;s:25:"8 ALLEE DE LA BRIQUETERIE";i:3;s:5:"59650";i:4;s:18:"VILLENEUVE D\'ASCQ";i:5;s:6:"France";i:6;s:8:"PLATEAUX";i:7;s:7:"VINCENT";i:8;s:29:"vincent.plateaux@inodesign.fr";i:9;s:10:"0784409562";}s:11:"facturation";a:10:{i:0;s:9:"INODESIGN";i:1;s:18:"SERVICE PRODUCTION";i:2;s:25:"8 ALLEE DE LA BRIQUETERIE";i:3;s:5:"59650";i:4;s:18:"VILLENEUVE D\'ASCQ";i:5;s:6:"France";i:6;s:8:"CORONADO";i:7;s:7:"MICKAEL";i:8;s:20:"mickael@inodesign.fr";i:9;s:10:"0784409562";}}'
ERROR - [ValueError]b'a:4:{s:5:"achat";a:4:{i:0;s:6:"GOUDIN";i:1;s:4:"Eric";i:2;s:18:"pao@electronie.com";i:3;s:12:" 33492282900";}s:10:"technicien";a:4:{i:0;s:6:"GOUDIN";i:1;s:4:"Eric";i:2;s:18:"pao@electronie.com";i:3;s:12:" 33492282900";}s:9:"livraison";a:10:{i:0;s:10:"ELECTRONIE";i:1;s:26:"Lot 53 Voie E ZI L\'ARGILE";i:2;s:0:"";i:3;s:5:"06370";i:4;s:14:"MOUANS-SARTOUX";i:5;s:6:"France";i:6;s:6:"GOUDIN";i:7;s:4:"Eric";i:8;s:18:"pao@electronie.com";i:9;s:12:" 33492282900";}s:11:"facturation";a:10:{i:0;s:10:"ELECTRONIE";i:1;s:26:"Lot 53 Voie E ZI L\'ARGILE";i:2;s:0:"";i:3;s:5:"06370";i:4;s:14:"MOUANS-SARTOUX";i:5;s:6:"France";i:6;s:6:"GOUDIN";i:7;s:4:"Eric";i:8;s:18:"pao@electronie.com";i:9;s:12:" 33492282900";}}'
ERROR - [ValueError]b'a:4:{s:5:"achat";a:4:{i:0;s:6:"ZENNER";i:1;s:6:"Aurore";i:2;s:26:"info@estelec-industrie.com";i:3;s:20:"+33 (0)3 88 82 61 08";}s:10:"technicien";a:4:{i:0;s:7:"JANIAUD";i:1;s:5:"Cyril";i:2;s:35:"cyril.janiaud@estelec-industrie.com";i:3;s:20:"+33 (0)3 88 82 61 00";}s:9:"livraison";a:10:{i:0;s:7:"Estelec";i:1;s:48:"Parc d\'activit\xc3\xa9s du Giessen, Rue du Sommerberg";i:2;s:0:"";i:3;s:5:"67750";i:4;s:11:"SCHERWILLER";i:5;s:6:"France";i:6;s:6:"ZENNER";i:7;s:6:"Aurore";i:8;s:26:"info@estelec-industrie.com";i:9;s:20:"+33 (0)3 88 82 61 00";}s:11:"facturation";a:10:{i:0;s:7:"Estelec";i:1;s:48:"Parc d\'activit\xc3\xa9s du Giessen, Rue du Sommerberg";i:2;s:0:"";i:3;s:5:"67750";i:4;s:11:"SCHERWILLER";i:5;s:6:"France";i:6;s:6:"ZENNER";i:7;s:6:"Aurore";i:8;s:26:"info@estelec-industrie.com";i:9;s:20:"+33 (0)3 88 82 61 00";}}'
ERROR - [ValueError]b'a:4:{s:5:"achat";a:4:{i:0;s:5:"MICOU";i:1;s:6:"K\xc3\xa9vin";i:2;s:20:"kevinmicou@orange.fr";i:3;s:10:"0612207227";}s:10:"technicien";a:4:{i:0;s:5:"MICOU";i:1;s:6:"K\xc3\xa9vin";i:2;s:20:"kevinmicou@orange.fr";i:3;s:10:"0612207227";}s:9:"livraison";a:10:{i:0;s:12:"MICOU K\xc3\xa9vin";i:1;s:19:"20 Avenue d\'Angers";i:2;s:0:"";i:3;s:5:"49430";i:4;s:6:"DURTAL";i:5;s:6:"France";i:6;s:5:"MICOU";i:7;s:6:"K\xc3\xa9vin";i:8;s:20:"kevinmicou@orange.fr";i:9;s:10:"0612207227";}s:11:"facturation";a:10:{i:0;s:12:"MICOU K\xc3\xa9vin";i:1;s:19:"20 Avenue d\'Angers";i:2;s:0:"";i:3;s:5:"49430";i:4;s:6:"DURTAL";i:5;s:6:"France";i:6;s:5:"MICOU";i:7;s:6:"K\xc3\xa9vin";i:8;s:20:"kevinmicou@orange.fr";i:9;s:10:"0612207227";}}'
ERROR - [ValueError]b'a:4:{s:5:"achat";a:4:{i:0;s:4:"Joel";i:1;s:8:"ROESSNER";i:2;s:22:"billing@strataggem.com";i:3;s:10:"0678551301";}s:10:"technicien";a:4:{i:0;s:4:"Joel";i:1;s:8:"ROESSNER";i:2;s:28:"joel.roessner@strataggem.com";i:3;s:10:"0678551301";}s:9:"livraison";a:10:{i:0;s:10:"STRATAGGEM";i:1;s:24:"36 rue de l\'Universit\xc3\xa9";i:2;s:0:"";i:3;s:5:"67000";i:4;s:10:"STRASBOURG";i:5;s:6:"France";i:6;s:4:"Joel";i:7;s:8:"ROESSNER";i:8;s:22:"billing@strataggem.com";i:9;s:10:"0678551301";}s:11:"facturation";a:10:{i:0;s:10:"STRATAGGEM";i:1;s:24:"36 rue de l\'Universit\xc3\xa9";i:2;s:0:"";i:3;s:5:"67000";i:4;s:10:"STRASBOURG";i:5;s:6:"France";i:6;s:4:"Joel";i:7;s:8:"ROESSNER";i:8;s:22:"billing@strataggem.com";i:9;s:10:"0678551301";}}'
ERROR - [ValueError]b'a:4:{s:5:"achat";a:4:{i:0;s:8:"PLATEAUX";i:1;s:7:"VINCENT";i:2;s:29:"vincent.plateaux@inodesign.fr";i:3;s:10:"0784409562";}s:10:"technicien";a:4:{i:0;s:8:"PLATEAUX";i:1;s:7:"VINCENT";i:2;s:29:"vincent.plateaux@inodesign.fr";i:3;s:10:"0784409562";}s:9:"livraison";a:10:{i:0;s:9:"INODESIGN";i:1;s:18:"SERVICE PRODUCTION";i:2;s:25:"8 ALLEE DE LA BRIQUETERIE";i:3;s:5:"59650";i:4;s:18:"VILLENEUVE D\'ASCQ";i:5;s:6:"France";i:6;s:8:"PLATEAUX";i:7;s:7:"VINCENT";i:8;s:29:"vincent.plateaux@inodesign.fr";i:9;s:10:"0784409562";}s:11:"facturation";a:10:{i:0;s:9:"INODESIGN";i:1;s:18:"SERVICE PRODUCTION";i:2;s:25:"8 ALLEE DE LA BRIQUETERIE";i:3;s:5:"59650";i:4;s:18:"VILLENEUVE D\'ASCQ";i:5;s:6:"France";i:6;s:8:"CORONADO";i:7;s:7:"MICKAEL";i:8;s:20:"mickael@inodesign.fr";i:9;s:10:"0784409562";}}'
ERROR - [ValueError]b'a:4:{s:5:"achat";a:4:{i:0;s:6:"GOUDIN";i:1;s:4:"Eric";i:2;s:18:"pao@electronie.com";i:3;s:12:" 33492282900";}s:10:"technicien";a:4:{i:0;s:6:"GOUDIN";i:1;s:4:"Eric";i:2;s:18:"pao@electronie.com";i:3;s:12:" 33492282900";}s:9:"livraison";a:10:{i:0;s:10:"ELECTRONIE";i:1;s:26:"Lot 53 Voie E ZI L\'ARGILE";i:2;s:0:"";i:3;s:5:"06370";i:4;s:14:"MOUANS-SARTOUX";i:5;s:6:"France";i:6;s:6:"GOUDIN";i:7;s:4:"Eric";i:8;s:18:"pao@electronie.com";i:9;s:12:" 33492282900";}s:11:"facturation";a:10:{i:0;s:10:"ELECTRONIE";i:1;s:26:"Lot 53 Voie E ZI L\'ARGILE";i:2;s:0:"";i:3;s:5:"06370";i:4;s:14:"MOUANS-SARTOUX";i:5;s:6:"France";i:6;s:6:"GOUDIN";i:7;s:4:"Eric";i:8;s:18:"pao@electronie.com";i:9;s:12:" 33492282900";}}'
ERROR - [ValueError]b'a:4:{s:5:"achat";a:4:{i:0;s:6:"ZENNER";i:1;s:6:"Aurore";i:2;s:26:"info@estelec-industrie.com";i:3;s:20:"+33 (0)3 88 82 61 08";}s:10:"technicien";a:4:{i:0;s:7:"JANIAUD";i:1;s:5:"Cyril";i:2;s:35:"cyril.janiaud@estelec-industrie.com";i:3;s:20:"+33 (0)3 88 82 61 00";}s:9:"livraison";a:10:{i:0;s:7:"Estelec";i:1;s:48:"Parc d\'activit\xc3\xa9s du Giessen, Rue du Sommerberg";i:2;s:0:"";i:3;s:5:"67750";i:4;s:11:"SCHERWILLER";i:5;s:6:"France";i:6;s:6:"ZENNER";i:7;s:6:"Aurore";i:8;s:26:"info@estelec-industrie.com";i:9;s:20:"+33 (0)3 88 82 61 00";}s:11:"facturation";a:10:{i:0;s:7:"Estelec";i:1;s:48:"Parc d\'activit\xc3\xa9s du Giessen, Rue du Sommerberg";i:2;s:0:"";i:3;s:5:"67750";i:4;s:11:"SCHERWILLER";i:5;s:6:"France";i:6;s:6:"ZENNER";i:7;s:6:"Aurore";i:8;s:26:"info@estelec-industrie.com";i:9;s:20:"+33 (0)3 88 82 61 00";}}'
ERROR - [ValueError]b'a:4:{s:5:"achat";a:4:{i:0;s:5:"MICOU";i:1;s:6:"K\xc3\xa9vin";i:2;s:20:"kevinmicou@orange.fr";i:3;s:10:"0612207227";}s:10:"technicien";a:4:{i:0;s:5:"MICOU";i:1;s:6:"K\xc3\xa9vin";i:2;s:20:"kevinmicou@orange.fr";i:3;s:10:"0612207227";}s:9:"livraison";a:10:{i:0;s:12:"MICOU K\xc3\xa9vin";i:1;s:19:"20 Avenue d\'Angers";i:2;s:0:"";i:3;s:5:"49430";i:4;s:6:"DURTAL";i:5;s:6:"France";i:6;s:5:"MICOU";i:7;s:6:"K\xc3\xa9vin";i:8;s:20:"kevinmicou@orange.fr";i:9;s:10:"0612207227";}s:11:"facturation";a:10:{i:0;s:12:"MICOU K\xc3\xa9vin";i:1;s:19:"20 Avenue d\'Angers";i:2;s:0:"";i:3;s:5:"49430";i:4;s:6:"DURTAL";i:5;s:6:"France";i:6;s:5:"MICOU";i:7;s:6:"K\xc3\xa9vin";i:8;s:20:"kevinmicou@orange.fr";i:9;s:10:"0612207227";}}'
ERROR - [ValueError]b'a:4:{s:5:"achat";a:4:{i:0;s:4:"Joel";i:1;s:8:"ROESSNER";i:2;s:22:"billing@strataggem.com";i:3;s:10:"0678551301";}s:10:"technicien";a:4:{i:0;s:4:"Joel";i:1;s:8:"ROESSNER";i:2;s:28:"joel.roessner@strataggem.com";i:3;s:10:"0678551301";}s:9:"livraison";a:10:{i:0;s:10:"STRATAGGEM";i:1;s:24:"36 rue de l\'Universit\xc3\xa9";i:2;s:0:"";i:3;s:5:"67000";i:4;s:10:"STRASBOURG";i:5;s:6:"France";i:6;s:4:"Joel";i:7;s:8:"ROESSNER";i:8;s:22:"billing@strataggem.com";i:9;s:10:"0678551301";}s:11:"facturation";a:10:{i:0;s:10:"STRATAGGEM";i:1;s:24:"36 rue de l\'Universit\xc3\xa9";i:2;s:0:"";i:3;s:5:"67000";i:4;s:10:"STRASBOURG";i:5;s:6:"France";i:6;s:4:"Joel";i:7;s:8:"ROESSNER";i:8;s:22:"billing@strataggem.com";i:9;s:10:"0678551301";}}'
ERROR - [ValueError]b'a:4:{s:5:"achat";a:4:{i:0;s:8:"PLATEAUX";i:1;s:7:"VINCENT";i:2;s:29:"vincent.plateaux@inodesign.fr";i:3;s:10:"0784409562";}s:10:"technicien";a:4:{i:0;s:8:"PLATEAUX";i:1;s:7:"VINCENT";i:2;s:29:"vincent.plateaux@inodesign.fr";i:3;s:10:"0784409562";}s:9:"livraison";a:10:{i:0;s:9:"INODESIGN";i:1;s:18:"SERVICE PRODUCTION";i:2;s:25:"8 ALLEE DE LA BRIQUETERIE";i:3;s:5:"59650";i:4;s:18:"VILLENEUVE D\'ASCQ";i:5;s:6:"France";i:6;s:8:"PLATEAUX";i:7;s:7:"VINCENT";i:8;s:29:"vincent.plateaux@inodesign.fr";i:9;s:10:"0784409562";}s:11:"facturation";a:10:{i:0;s:9:"INODESIGN";i:1;s:18:"SERVICE PRODUCTION";i:2;s:25:"8 ALLEE DE LA BRIQUETERIE";i:3;s:5:"59650";i:4;s:18:"VILLENEUVE D\'ASCQ";i:5;s:6:"France";i:6;s:8:"CORONADO";i:7;s:7:"MICKAEL";i:8;s:20:"mickael@inodesign.fr";i:9;s:10:"0784409562";}}'
ERROR - [ValueError]b'a:4:{s:5:"achat";a:4:{i:0;s:6:"GOUDIN";i:1;s:4:"Eric";i:2;s:18:"pao@electronie.com";i:3;s:12:" 33492282900";}s:10:"technicien";a:4:{i:0;s:6:"GOUDIN";i:1;s:4:"Eric";i:2;s:18:"pao@electronie.com";i:3;s:12:" 33492282900";}s:9:"livraison";a:10:{i:0;s:10:"ELECTRONIE";i:1;s:26:"Lot 53 Voie E ZI L\'ARGILE";i:2;s:0:"";i:3;s:5:"06370";i:4;s:14:"MOUANS-SARTOUX";i:5;s:6:"France";i:6;s:6:"GOUDIN";i:7;s:4:"Eric";i:8;s:18:"pao@electronie.com";i:9;s:12:" 33492282900";}s:11:"facturation";a:10:{i:0;s:10:"ELECTRONIE";i:1;s:26:"Lot 53 Voie E ZI L\'ARGILE";i:2;s:0:"";i:3;s:5:"06370";i:4;s:14:"MOUANS-SARTOUX";i:5;s:6:"France";i:6;s:6:"GOUDIN";i:7;s:4:"Eric";i:8;s:18:"pao@electronie.com";i:9;s:12:" 33492282900";}}'
ERROR - [ValueError]b'a:4:{s:5:"achat";a:4:{i:0;s:6:"ZENNER";i:1;s:6:"Aurore";i:2;s:26:"info@estelec-industrie.com";i:3;s:20:"+33 (0)3 88 82 61 08";}s:10:"technicien";a:4:{i:0;s:7:"JANIAUD";i:1;s:5:"Cyril";i:2;s:35:"cyril.janiaud@estelec-industrie.com";i:3;s:20:"+33 (0)3 88 82 61 00";}s:9:"livraison";a:10:{i:0;s:7:"Estelec";i:1;s:48:"Parc d\'activit\xc3\xa9s du Giessen, Rue du Sommerberg";i:2;s:0:"";i:3;s:5:"67750";i:4;s:11:"SCHERWILLER";i:5;s:6:"France";i:6;s:6:"ZENNER";i:7;s:6:"Aurore";i:8;s:26:"info@estelec-industrie.com";i:9;s:20:"+33 (0)3 88 82 61 00";}s:11:"facturation";a:10:{i:0;s:7:"Estelec";i:1;s:48:"Parc d\'activit\xc3\xa9s du Giessen, Rue du Sommerberg";i:2;s:0:"";i:3;s:5:"67750";i:4;s:11:"SCHERWILLER";i:5;s:6:"France";i:6;s:6:"ZENNER";i:7;s:6:"Aurore";i:8;s:26:"info@estelec-industrie.com";i:9;s:20:"+33 (0)3 88 82 61 00";}}'
ERROR - [ValueError]b'a:4:{s:5:"achat";a:4:{i:0;s:5:"MICOU";i:1;s:6:"K\xc3\xa9vin";i:2;s:20:"kevinmicou@orange.fr";i:3;s:10:"0612207227";}s:10:"technicien";a:4:{i:0;s:5:"MICOU";i:1;s:6:"K\xc3\xa9vin";i:2;s:20:"kevinmicou@orange.fr";i:3;s:10:"0612207227";}s:9:"livraison";a:10:{i:0;s:12:"MICOU K\xc3\xa9vin";i:1;s:19:"20 Avenue d\'Angers";i:2;s:0:"";i:3;s:5:"49430";i:4;s:6:"DURTAL";i:5;s:6:"France";i:6;s:5:"MICOU";i:7;s:6:"K\xc3\xa9vin";i:8;s:20:"kevinmicou@orange.fr";i:9;s:10:"0612207227";}s:11:"facturation";a:10:{i:0;s:12:"MICOU K\xc3\xa9vin";i:1;s:19:"20 Avenue d\'Angers";i:2;s:0:"";i:3;s:5:"49430";i:4;s:6:"DURTAL";i:5;s:6:"France";i:6;s:5:"MICOU";i:7;s:6:"K\xc3\xa9vin";i:8;s:20:"kevinmicou@orange.fr";i:9;s:10:"0612207227";}}'
ERROR - [ValueError]b'a:4:{s:5:"achat";a:4:{i:0;s:4:"Joel";i:1;s:8:"ROESSNER";i:2;s:22:"billing@strataggem.com";i:3;s:10:"0678551301";}s:10:"technicien";a:4:{i:0;s:4:"Joel";i:1;s:8:"ROESSNER";i:2;s:28:"joel.roessner@strataggem.com";i:3;s:10:"0678551301";}s:9:"livraison";a:10:{i:0;s:10:"STRATAGGEM";i:1;s:24:"36 rue de l\'Universit\xc3\xa9";i:2;s:0:"";i:3;s:5:"67000";i:4;s:10:"STRASBOURG";i:5;s:6:"France";i:6;s:4:"Joel";i:7;s:8:"ROESSNER";i:8;s:22:"billing@strataggem.com";i:9;s:10:"0678551301";}s:11:"facturation";a:10:{i:0;s:10:"STRATAGGEM";i:1;s:24:"36 rue de l\'Universit\xc3\xa9";i:2;s:0:"";i:3;s:5:"67000";i:4;s:10:"STRASBOURG";i:5;s:6:"France";i:6;s:4:"Joel";i:7;s:8:"ROESSNER";i:8;s:22:"billing@strataggem.com";i:9;s:10:"0678551301";}}'
INFO - error: 0 /  good: 40 total: 40
ERROR - [ValueError]b'a:4:{s:5:"achat";a:4:{i:0;s:8:"PLATEAUX";i:1;s:7:"VINCENT";i:2;s:29:"vincent.plateaux@inodesign.fr";i:3;s:10:"0784409562";}s:10:"technicien";a:4:{i:0;s:8:"PLATEAUX";i:1;s:7:"VINCENT";i:2;s:29:"vincent.plateaux@inodesign.fr";i:3;s:10:"0784409562";}s:9:"livraison";a:10:{i:0;s:9:"INODESIGN";i:1;s:18:"SERVICE PRODUCTION";i:2;s:25:"8 ALLEE DE LA BRIQUETERIE";i:3;s:5:"59650";i:4;s:18:"VILLENEUVE D\'ASCQ";i:5;s:6:"France";i:6;s:8:"PLATEAUX";i:7;s:7:"VINCENT";i:8;s:29:"vincent.plateaux@inodesign.fr";i:9;s:10:"0784409562";}s:11:"facturation";a:10:{i:0;s:9:"INODESIGN";i:1;s:18:"SERVICE PRODUCTION";i:2;s:25:"8 ALLEE DE LA BRIQUETERIE";i:3;s:5:"59650";i:4;s:18:"VILLENEUVE D\'ASCQ";i:5;s:6:"France";i:6;s:8:"CORONADO";i:7;s:7:"MICKAEL";i:8;s:20:"mickael@inodesign.fr";i:9;s:10:"0784409562";}}'
ERROR - [ValueError]b'a:4:{s:5:"achat";a:4:{i:0;s:6:"GOUDIN";i:1;s:4:"Eric";i:2;s:18:"pao@electronie.com";i:3;s:12:" 33492282900";}s:10:"technicien";a:4:{i:0;s:6:"GOUDIN";i:1;s:4:"Eric";i:2;s:18:"pao@electronie.com";i:3;s:12:" 33492282900";}s:9:"livraison";a:10:{i:0;s:10:"ELECTRONIE";i:1;s:26:"Lot 53 Voie E ZI L\'ARGILE";i:2;s:0:"";i:3;s:5:"06370";i:4;s:14:"MOUANS-SARTOUX";i:5;s:6:"France";i:6;s:6:"GOUDIN";i:7;s:4:"Eric";i:8;s:18:"pao@electronie.com";i:9;s:12:" 33492282900";}s:11:"facturation";a:10:{i:0;s:10:"ELECTRONIE";i:1;s:26:"Lot 53 Voie E ZI L\'ARGILE";i:2;s:0:"";i:3;s:5:"06370";i:4;s:14:"MOUANS-SARTOUX";i:5;s:6:"France";i:6;s:6:"GOUDIN";i:7;s:4:"Eric";i:8;s:18:"pao@electronie.com";i:9;s:12:" 33492282900";}}'
ERROR - [ValueError]b'a:4:{s:5:"achat";a:4:{i:0;s:6:"ZENNER";i:1;s:6:"Aurore";i:2;s:26:"info@estelec-industrie.com";i:3;s:20:"+33 (0)3 88 82 61 08";}s:10:"technicien";a:4:{i:0;s:7:"JANIAUD";i:1;s:5:"Cyril";i:2;s:35:"cyril.janiaud@estelec-industrie.com";i:3;s:20:"+33 (0)3 88 82 61 00";}s:9:"livraison";a:10:{i:0;s:7:"Estelec";i:1;s:48:"Parc d\'activit\xc3\xa9s du Giessen, Rue du Sommerberg";i:2;s:0:"";i:3;s:5:"67750";i:4;s:11:"SCHERWILLER";i:5;s:6:"France";i:6;s:6:"ZENNER";i:7;s:6:"Aurore";i:8;s:26:"info@estelec-industrie.com";i:9;s:20:"+33 (0)3 88 82 61 00";}s:11:"facturation";a:10:{i:0;s:7:"Estelec";i:1;s:48:"Parc d\'activit\xc3\xa9s du Giessen, Rue du Sommerberg";i:2;s:0:"";i:3;s:5:"67750";i:4;s:11:"SCHERWILLER";i:5;s:6:"France";i:6;s:6:"ZENNER";i:7;s:6:"Aurore";i:8;s:26:"info@estelec-industrie.com";i:9;s:20:"+33 (0)3 88 82 61 00";}}'
ERROR - [ValueError]b'a:4:{s:5:"achat";a:4:{i:0;s:5:"MICOU";i:1;s:6:"K\xc3\xa9vin";i:2;s:20:"kevinmicou@orange.fr";i:3;s:10:"0612207227";}s:10:"technicien";a:4:{i:0;s:5:"MICOU";i:1;s:6:"K\xc3\xa9vin";i:2;s:20:"kevinmicou@orange.fr";i:3;s:10:"0612207227";}s:9:"livraison";a:10:{i:0;s:12:"MICOU K\xc3\xa9vin";i:1;s:19:"20 Avenue d\'Angers";i:2;s:0:"";i:3;s:5:"49430";i:4;s:6:"DURTAL";i:5;s:6:"France";i:6;s:5:"MICOU";i:7;s:6:"K\xc3\xa9vin";i:8;s:20:"kevinmicou@orange.fr";i:9;s:10:"0612207227";}s:11:"facturation";a:10:{i:0;s:12:"MICOU K\xc3\xa9vin";i:1;s:19:"20 Avenue d\'Angers";i:2;s:0:"";i:3;s:5:"49430";i:4;s:6:"DURTAL";i:5;s:6:"France";i:6;s:5:"MICOU";i:7;s:6:"K\xc3\xa9vin";i:8;s:20:"kevinmicou@orange.fr";i:9;s:10:"0612207227";}}'
ERROR - [ValueError]b'a:4:{s:5:"achat";a:4:{i:0;s:4:"Joel";i:1;s:8:"ROESSNER";i:2;s:22:"billing@strataggem.com";i:3;s:10:"0678551301";}s:10:"technicien";a:4:{i:0;s:4:"Joel";i:1;s:8:"ROESSNER";i:2;s:28:"joel.roessner@strataggem.com";i:3;s:10:"0678551301";}s:9:"livraison";a:10:{i:0;s:10:"STRATAGGEM";i:1;s:24:"36 rue de l\'Universit\xc3\xa9";i:2;s:0:"";i:3;s:5:"67000";i:4;s:10:"STRASBOURG";i:5;s:6:"France";i:6;s:4:"Joel";i:7;s:8:"ROESSNER";i:8;s:22:"billing@strataggem.com";i:9;s:10:"0678551301";}s:11:"facturation";a:10:{i:0;s:10:"STRATAGGEM";i:1;s:24:"36 rue de l\'Universit\xc3\xa9";i:2;s:0:"";i:3;s:5:"67000";i:4;s:10:"STRASBOURG";i:5;s:6:"France";i:6;s:4:"Joel";i:7;s:8:"ROESSNER";i:8;s:22:"billing@strataggem.com";i:9;s:10:"0678551301";}}'
ERROR - [StringDataRightTruncation] - rw4uahs5no60bjl2407wn8izzsshs9xg95aa0dsj ERREUR:  valeur trop longue pour le type character varying(20)
ERROR - [StringDataRightTruncation] - z9gbn6x95ahafmbmf8q8qle1jb2iapkkb5c4ii3e ERREUR:  valeur trop longue pour le type character varying(20)
ERROR - [StringDataRightTruncation] - u3e7q68r77tkrjyvokmcxxn2j6fqiiofasq1vpqw ERREUR:  valeur trop longue pour le type character varying(20)
INFO - error: 3 /  good: 403 total: 406
INFO - error: 0 /  good: 40 total: 40
INFO - error: 0 /  good: 40 total: 40
ERROR - [ValueError]b'a:4:{s:5:"achat";a:4:{i:0;s:8:"PLATEAUX";i:1;s:7:"VINCENT";i:2;s:29:"vincent.plateaux@inodesign.fr";i:3;s:10:"0784409562";}s:10:"technicien";a:4:{i:0;s:8:"PLATEAUX";i:1;s:7:"VINCENT";i:2;s:29:"vincent.plateaux@inodesign.fr";i:3;s:10:"0784409562";}s:9:"livraison";a:10:{i:0;s:9:"INODESIGN";i:1;s:18:"SERVICE PRODUCTION";i:2;s:25:"8 ALLEE DE LA BRIQUETERIE";i:3;s:5:"59650";i:4;s:18:"VILLENEUVE D\'ASCQ";i:5;s:6:"France";i:6;s:8:"PLATEAUX";i:7;s:7:"VINCENT";i:8;s:29:"vincent.plateaux@inodesign.fr";i:9;s:10:"0784409562";}s:11:"facturation";a:10:{i:0;s:9:"INODESIGN";i:1;s:18:"SERVICE PRODUCTION";i:2;s:25:"8 ALLEE DE LA BRIQUETERIE";i:3;s:5:"59650";i:4;s:18:"VILLENEUVE D\'ASCQ";i:5;s:6:"France";i:6;s:8:"CORONADO";i:7;s:7:"MICKAEL";i:8;s:20:"mickael@inodesign.fr";i:9;s:10:"0784409562";}}'
ERROR - [ValueError]b'a:4:{s:5:"achat";a:4:{i:0;s:6:"GOUDIN";i:1;s:4:"Eric";i:2;s:18:"pao@electronie.com";i:3;s:12:" 33492282900";}s:10:"technicien";a:4:{i:0;s:6:"GOUDIN";i:1;s:4:"Eric";i:2;s:18:"pao@electronie.com";i:3;s:12:" 33492282900";}s:9:"livraison";a:10:{i:0;s:10:"ELECTRONIE";i:1;s:26:"Lot 53 Voie E ZI L\'ARGILE";i:2;s:0:"";i:3;s:5:"06370";i:4;s:14:"MOUANS-SARTOUX";i:5;s:6:"France";i:6;s:6:"GOUDIN";i:7;s:4:"Eric";i:8;s:18:"pao@electronie.com";i:9;s:12:" 33492282900";}s:11:"facturation";a:10:{i:0;s:10:"ELECTRONIE";i:1;s:26:"Lot 53 Voie E ZI L\'ARGILE";i:2;s:0:"";i:3;s:5:"06370";i:4;s:14:"MOUANS-SARTOUX";i:5;s:6:"France";i:6;s:6:"GOUDIN";i:7;s:4:"Eric";i:8;s:18:"pao@electronie.com";i:9;s:12:" 33492282900";}}'
ERROR - [ValueError]b'a:4:{s:5:"achat";a:4:{i:0;s:6:"ZENNER";i:1;s:6:"Aurore";i:2;s:26:"info@estelec-industrie.com";i:3;s:20:"+33 (0)3 88 82 61 08";}s:10:"technicien";a:4:{i:0;s:7:"JANIAUD";i:1;s:5:"Cyril";i:2;s:35:"cyril.janiaud@estelec-industrie.com";i:3;s:20:"+33 (0)3 88 82 61 00";}s:9:"livraison";a:10:{i:0;s:7:"Estelec";i:1;s:48:"Parc d\'activit\xc3\xa9s du Giessen, Rue du Sommerberg";i:2;s:0:"";i:3;s:5:"67750";i:4;s:11:"SCHERWILLER";i:5;s:6:"France";i:6;s:6:"ZENNER";i:7;s:6:"Aurore";i:8;s:26:"info@estelec-industrie.com";i:9;s:20:"+33 (0)3 88 82 61 00";}s:11:"facturation";a:10:{i:0;s:7:"Estelec";i:1;s:48:"Parc d\'activit\xc3\xa9s du Giessen, Rue du Sommerberg";i:2;s:0:"";i:3;s:5:"67750";i:4;s:11:"SCHERWILLER";i:5;s:6:"France";i:6;s:6:"ZENNER";i:7;s:6:"Aurore";i:8;s:26:"info@estelec-industrie.com";i:9;s:20:"+33 (0)3 88 82 61 00";}}'
ERROR - [ValueError]b'a:4:{s:5:"achat";a:4:{i:0;s:5:"MICOU";i:1;s:6:"K\xc3\xa9vin";i:2;s:20:"kevinmicou@orange.fr";i:3;s:10:"0612207227";}s:10:"technicien";a:4:{i:0;s:5:"MICOU";i:1;s:6:"K\xc3\xa9vin";i:2;s:20:"kevinmicou@orange.fr";i:3;s:10:"0612207227";}s:9:"livraison";a:10:{i:0;s:12:"MICOU K\xc3\xa9vin";i:1;s:19:"20 Avenue d\'Angers";i:2;s:0:"";i:3;s:5:"49430";i:4;s:6:"DURTAL";i:5;s:6:"France";i:6;s:5:"MICOU";i:7;s:6:"K\xc3\xa9vin";i:8;s:20:"kevinmicou@orange.fr";i:9;s:10:"0612207227";}s:11:"facturation";a:10:{i:0;s:12:"MICOU K\xc3\xa9vin";i:1;s:19:"20 Avenue d\'Angers";i:2;s:0:"";i:3;s:5:"49430";i:4;s:6:"DURTAL";i:5;s:6:"France";i:6;s:5:"MICOU";i:7;s:6:"K\xc3\xa9vin";i:8;s:20:"kevinmicou@orange.fr";i:9;s:10:"0612207227";}}'
ERROR - [ValueError]b'a:4:{s:5:"achat";a:4:{i:0;s:4:"Joel";i:1;s:8:"ROESSNER";i:2;s:22:"billing@strataggem.com";i:3;s:10:"0678551301";}s:10:"technicien";a:4:{i:0;s:4:"Joel";i:1;s:8:"ROESSNER";i:2;s:28:"joel.roessner@strataggem.com";i:3;s:10:"0678551301";}s:9:"livraison";a:10:{i:0;s:10:"STRATAGGEM";i:1;s:24:"36 rue de l\'Universit\xc3\xa9";i:2;s:0:"";i:3;s:5:"67000";i:4;s:10:"STRASBOURG";i:5;s:6:"France";i:6;s:4:"Joel";i:7;s:8:"ROESSNER";i:8;s:22:"billing@strataggem.com";i:9;s:10:"0678551301";}s:11:"facturation";a:10:{i:0;s:10:"STRATAGGEM";i:1;s:24:"36 rue de l\'Universit\xc3\xa9";i:2;s:0:"";i:3;s:5:"67000";i:4;s:10:"STRASBOURG";i:5;s:6:"France";i:6;s:4:"Joel";i:7;s:8:"ROESSNER";i:8;s:22:"billing@strataggem.com";i:9;s:10:"0678551301";}}'
ERROR - [StringDataRightTruncation] - rw4uahs5no60bjl2407wn8izzsshs9xg95aa0dsj ERREUR:  valeur trop longue pour le type character varying(20)
ERROR - [StringDataRightTruncation] - z9gbn6x95ahafmbmf8q8qle1jb2iapkkb5c4ii3e ERREUR:  valeur trop longue pour le type character varying(20)
ERROR - [StringDataRightTruncation] - u3e7q68r77tkrjyvokmcxxn2j6fqiiofasq1vpqw ERREUR:  valeur trop longue pour le type character varying(20)
INFO - [setUser] - error: 3 /  good: 403 total: 406
INFO - [setUserInformationBilling] - error: 0 /  good: 40 total: 40
INFO - [setUserInformationShipping] - error: 0 /  good: 40 total: 40
INFO - [setUserInformationEngineer] - error: 0 /  good: 40 total: 40
ERROR - [ValueError]b'a:4:{s:5:"achat";a:4:{i:0;s:8:"PLATEAUX";i:1;s:7:"VINCENT";i:2;s:29:"vincent.plateaux@inodesign.fr";i:3;s:10:"0784409562";}s:10:"technicien";a:4:{i:0;s:8:"PLATEAUX";i:1;s:7:"VINCENT";i:2;s:29:"vincent.plateaux@inodesign.fr";i:3;s:10:"0784409562";}s:9:"livraison";a:10:{i:0;s:9:"INODESIGN";i:1;s:18:"SERVICE PRODUCTION";i:2;s:25:"8 ALLEE DE LA BRIQUETERIE";i:3;s:5:"59650";i:4;s:18:"VILLENEUVE D\'ASCQ";i:5;s:6:"France";i:6;s:8:"PLATEAUX";i:7;s:7:"VINCENT";i:8;s:29:"vincent.plateaux@inodesign.fr";i:9;s:10:"0784409562";}s:11:"facturation";a:10:{i:0;s:9:"INODESIGN";i:1;s:18:"SERVICE PRODUCTION";i:2;s:25:"8 ALLEE DE LA BRIQUETERIE";i:3;s:5:"59650";i:4;s:18:"VILLENEUVE D\'ASCQ";i:5;s:6:"France";i:6;s:8:"CORONADO";i:7;s:7:"MICKAEL";i:8;s:20:"mickael@inodesign.fr";i:9;s:10:"0784409562";}}'
ERROR - [ValueError]b'a:4:{s:5:"achat";a:4:{i:0;s:6:"GOUDIN";i:1;s:4:"Eric";i:2;s:18:"pao@electronie.com";i:3;s:12:" 33492282900";}s:10:"technicien";a:4:{i:0;s:6:"GOUDIN";i:1;s:4:"Eric";i:2;s:18:"pao@electronie.com";i:3;s:12:" 33492282900";}s:9:"livraison";a:10:{i:0;s:10:"ELECTRONIE";i:1;s:26:"Lot 53 Voie E ZI L\'ARGILE";i:2;s:0:"";i:3;s:5:"06370";i:4;s:14:"MOUANS-SARTOUX";i:5;s:6:"France";i:6;s:6:"GOUDIN";i:7;s:4:"Eric";i:8;s:18:"pao@electronie.com";i:9;s:12:" 33492282900";}s:11:"facturation";a:10:{i:0;s:10:"ELECTRONIE";i:1;s:26:"Lot 53 Voie E ZI L\'ARGILE";i:2;s:0:"";i:3;s:5:"06370";i:4;s:14:"MOUANS-SARTOUX";i:5;s:6:"France";i:6;s:6:"GOUDIN";i:7;s:4:"Eric";i:8;s:18:"pao@electronie.com";i:9;s:12:" 33492282900";}}'
ERROR - [ValueError]b'a:4:{s:5:"achat";a:4:{i:0;s:6:"ZENNER";i:1;s:6:"Aurore";i:2;s:26:"info@estelec-industrie.com";i:3;s:20:"+33 (0)3 88 82 61 08";}s:10:"technicien";a:4:{i:0;s:7:"JANIAUD";i:1;s:5:"Cyril";i:2;s:35:"cyril.janiaud@estelec-industrie.com";i:3;s:20:"+33 (0)3 88 82 61 00";}s:9:"livraison";a:10:{i:0;s:7:"Estelec";i:1;s:48:"Parc d\'activit\xc3\xa9s du Giessen, Rue du Sommerberg";i:2;s:0:"";i:3;s:5:"67750";i:4;s:11:"SCHERWILLER";i:5;s:6:"France";i:6;s:6:"ZENNER";i:7;s:6:"Aurore";i:8;s:26:"info@estelec-industrie.com";i:9;s:20:"+33 (0)3 88 82 61 00";}s:11:"facturation";a:10:{i:0;s:7:"Estelec";i:1;s:48:"Parc d\'activit\xc3\xa9s du Giessen, Rue du Sommerberg";i:2;s:0:"";i:3;s:5:"67750";i:4;s:11:"SCHERWILLER";i:5;s:6:"France";i:6;s:6:"ZENNER";i:7;s:6:"Aurore";i:8;s:26:"info@estelec-industrie.com";i:9;s:20:"+33 (0)3 88 82 61 00";}}'
ERROR - [ValueError]b'a:4:{s:5:"achat";a:4:{i:0;s:5:"MICOU";i:1;s:6:"K\xc3\xa9vin";i:2;s:20:"kevinmicou@orange.fr";i:3;s:10:"0612207227";}s:10:"technicien";a:4:{i:0;s:5:"MICOU";i:1;s:6:"K\xc3\xa9vin";i:2;s:20:"kevinmicou@orange.fr";i:3;s:10:"0612207227";}s:9:"livraison";a:10:{i:0;s:12:"MICOU K\xc3\xa9vin";i:1;s:19:"20 Avenue d\'Angers";i:2;s:0:"";i:3;s:5:"49430";i:4;s:6:"DURTAL";i:5;s:6:"France";i:6;s:5:"MICOU";i:7;s:6:"K\xc3\xa9vin";i:8;s:20:"kevinmicou@orange.fr";i:9;s:10:"0612207227";}s:11:"facturation";a:10:{i:0;s:12:"MICOU K\xc3\xa9vin";i:1;s:19:"20 Avenue d\'Angers";i:2;s:0:"";i:3;s:5:"49430";i:4;s:6:"DURTAL";i:5;s:6:"France";i:6;s:5:"MICOU";i:7;s:6:"K\xc3\xa9vin";i:8;s:20:"kevinmicou@orange.fr";i:9;s:10:"0612207227";}}'
ERROR - [ValueError]b'a:4:{s:5:"achat";a:4:{i:0;s:4:"Joel";i:1;s:8:"ROESSNER";i:2;s:22:"billing@strataggem.com";i:3;s:10:"0678551301";}s:10:"technicien";a:4:{i:0;s:4:"Joel";i:1;s:8:"ROESSNER";i:2;s:28:"joel.roessner@strataggem.com";i:3;s:10:"0678551301";}s:9:"livraison";a:10:{i:0;s:10:"STRATAGGEM";i:1;s:24:"36 rue de l\'Universit\xc3\xa9";i:2;s:0:"";i:3;s:5:"67000";i:4;s:10:"STRASBOURG";i:5;s:6:"France";i:6;s:4:"Joel";i:7;s:8:"ROESSNER";i:8;s:22:"billing@strataggem.com";i:9;s:10:"0678551301";}s:11:"facturation";a:10:{i:0;s:10:"STRATAGGEM";i:1;s:24:"36 rue de l\'Universit\xc3\xa9";i:2;s:0:"";i:3;s:5:"67000";i:4;s:10:"STRASBOURG";i:5;s:6:"France";i:6;s:4:"Joel";i:7;s:8:"ROESSNER";i:8;s:22:"billing@strataggem.com";i:9;s:10:"0678551301";}}'
ERROR - [StringDataRightTruncation] - rw4uahs5no60bjl2407wn8izzsshs9xg95aa0dsj ERREUR:  valeur trop longue pour le type character varying(20)
ERROR - [StringDataRightTruncation] - z9gbn6x95ahafmbmf8q8qle1jb2iapkkb5c4ii3e ERREUR:  valeur trop longue pour le type character varying(20)
ERROR - [StringDataRightTruncation] - u3e7q68r77tkrjyvokmcxxn2j6fqiiofasq1vpqw ERREUR:  valeur trop longue pour le type character varying(20)
INFO - [setUser] - error: 3 /  good: 403 total: 406
INFO - [setUserInformationBilling] - error: 0 /  good: 40 total: 40
INFO - [setUserInformationShipping] - error: 0 /  good: 40 total: 40
INFO - [setUserInformationEngineer] - error: 0 /  good: 40 total: 40
INFO - [setUserInformationEngineer] - error: 0 /  good: 40 total: 40
