ERROR - P002-7806 invalid literal for int() with base 10: ''
ERROR - P002-7807 invalid literal for int() with base 10: ''
ERROR - P002-7808 invalid literal for int() with base 10: ''
ERROR - P002-7806 invalid literal for int() with base 10: ''
ERROR - P002-7807 invalid literal for int() with base 10: ''
ERROR - P002-7808 invalid literal for int() with base 10: ''
ERROR - P002-7806 invalid literal for int() with base 10: ''
ERROR - P002-7807 invalid literal for int() with base 10: ''
ERROR - P002-7808 invalid literal for int() with base 10: ''
ERROR - [ValueError] -P001-7675 missing user
ERROR - [ValueError] -P001-7676 missing user
ERROR - [ValueError] -P001-7683 missing user
ERROR - [ValueError] -P001-7688 missing user
ERROR - [ValueError] -P001-7691 missing user
ERROR - P002-7806 invalid literal for int() with base 10: ''
ERROR - P002-7807 invalid literal for int() with base 10: ''
ERROR - P002-7808 invalid literal for int() with base 10: ''
ERROR - P001-7673
ERROR - P001-7674
ERROR - [ValueError] -P001-7675 missing user
ERROR - [ValueError] -P001-7676 missing user
ERROR - P001-7677
ERROR - P001-7678
ERROR - P001-7679
ERROR - P001-7680
ERROR - P001-7681
ERROR - P001-7682
ERROR - [ValueError] -P001-7683 missing user
ERROR - P001-7684
ERROR - P001-7685
ERROR - P001-7686
ERROR - P001-7687
ERROR - [ValueError] -P001-7688 missing user
ERROR - P001-7689
ERROR - P001-7690
ERROR - [ValueError] -P001-7691 missing user
ERROR - P001-7692
ERROR - P001-7693
ERROR - P002-7806 invalid literal for int() with base 10: ''
ERROR - P002-7807 invalid literal for int() with base 10: ''
ERROR - P002-7808 invalid literal for int() with base 10: ''
ERROR - P001-7673
ERROR - P001-7674
ERROR - [ValueError] -P001-7675 missing user
ERROR - [ValueError] -P001-7676 missing user
ERROR - P001-7677
ERROR - P001-7678
ERROR - P001-7679
ERROR - P001-7680
ERROR - P001-7681
ERROR - P001-7682
ERROR - [ValueError] -P001-7683 missing user
ERROR - P001-7684
ERROR - P001-7685
ERROR - P001-7686
ERROR - P001-7687
ERROR - [ValueError] -P001-7688 missing user
ERROR - P001-7689
ERROR - P001-7690
ERROR - [ValueError] -P001-7691 missing user
ERROR - P001-7692
ERROR - P001-7693
ERROR - P001-7694
ERROR - P001-7695
ERROR - P001-7696
ERROR - P001-7697
ERROR - P001-7698
ERROR - P001-7699
ERROR - P001-7700
ERROR - P001-7701
ERROR - P001-7702
ERROR - P001-7703
ERROR - [ValueError] -P001-7704 [treatmentExternalCopper] - P001-7704 value : 
ERROR - P001-7705
ERROR - P001-7706
ERROR - P001-7707
ERROR - P001-7708
ERROR - P001-7709
ERROR - P001-7710
ERROR - P001-7711
ERROR - P001-7712
ERROR - P001-7713
ERROR - P001-7714
ERROR - P001-7715
ERROR - P001-7716
ERROR - P001-7717
ERROR - P001-7718
ERROR - [ValueError] -P001-7719 missing user
ERROR - P001-7720
ERROR - P001-7721
ERROR - [ValueError] -P001-7722 missing user
ERROR - P001-7723
ERROR - [ValueError] -P001-7724 missing user
ERROR - P001-7727
ERROR - P001-7728
ERROR - P001-7729
ERROR - P001-7730
ERROR - P001-7731
ERROR - P001-7732
ERROR - P001-7733
ERROR - P001-7734
ERROR - P001-7735
ERROR - P001-7736
ERROR - P001-7737
ERROR - [ValueError] -P001-7738 BasicRequi missing
ERROR - [ValueError] -P001-7739 BasicRequi missing
ERROR - [ValueError] -P001-7740 missing user
ERROR - P001-7741
ERROR - P001-7742
ERROR - P001-7743
ERROR - P001-7744
ERROR - P001-7745
ERROR - P001-7746
ERROR - P001-7747
ERROR - P001-7748
ERROR - P001-7749
ERROR - P001-7750
ERROR - P001-7751
ERROR - P001-7752
ERROR - P001-7753
ERROR - P001-7754
ERROR - [ValueError] -P001-7755 missing user
ERROR - P001-7756
ERROR - P001-7757
ERROR - P001-7759
ERROR - [ValueError] -P001-7763 BasicRequi missing
ERROR - P001-7764
ERROR - P001-7765
ERROR - [ValueError] -P001-7766 missing user
ERROR - [ValueError] -P001-7767 missing user
ERROR - P001-7768
ERROR - P001-7769
ERROR - P001-7770
ERROR - P001-7771
ERROR - P001-7772
ERROR - P001-7773
ERROR - P001-7774
ERROR - P001-7775
ERROR - P001-7776
ERROR - P001-7777
ERROR - P001-7778
ERROR - P001-7779
ERROR - P001-7780
ERROR - P001-7781
ERROR - P001-7783
ERROR - P001-7784
ERROR - P001-7785
ERROR - P001-7786
ERROR - P001-7787
ERROR - P001-7788
ERROR - P001-7789
ERROR - P001-7790
ERROR - P001-7791
ERROR - P001-7792
ERROR - P001-7793
ERROR - P001-7794
ERROR - P001-7795
ERROR - P001-7796
ERROR - P002-7797
ERROR - P002-7798
ERROR - P002-7799
ERROR - [ValueError] -P002-7800 [treatmentExternalCopper] - P002-7800 value : 
ERROR - P002-7801
ERROR - P002-7802
ERROR - P002-7803
ERROR - [ValueError] -P002-7804 missing user
ERROR - [ValueError] -P002-7805 missing user
ERROR - [ValueError] -P002-7809 missing user
ERROR - P002-7810
ERROR - P002-7811
ERROR - P002-7812
ERROR - P002-7813
ERROR - [ValueError] -P002-7814 [treatmentLayer] - P002-7814 value : 0
ERROR - P002-7815
ERROR - P002-7816
ERROR - P002-7817
ERROR - P002-7818
ERROR - P002-7819
ERROR - P002-7820
ERROR - P002-7821
ERROR - P002-7822
ERROR - P002-7823
ERROR - P002-7825
ERROR - P002-7826
ERROR - P002-7827
ERROR - P002-7828
ERROR - P002-7829
ERROR - P002-7830
ERROR - P002-7831
ERROR - P002-7832
ERROR - P002-7833
ERROR - P002-7834
ERROR - P002-7835
ERROR - P002-7836
ERROR - P002-7837
ERROR - P002-7838
ERROR - P002-7839
ERROR - P002-7840
ERROR - P002-7841
ERROR - P002-7842
ERROR - P002-7843
ERROR - P002-7844
ERROR - P002-7845
ERROR - P002-7846
ERROR - P002-7847
ERROR - P002-7848
ERROR - P002-7849
ERROR - P002-7851
ERROR - P002-7852
ERROR - P002-7853
ERROR - P002-7854
ERROR - P002-7855
ERROR - P002-7856
ERROR - P002-7858
ERROR - P002-7859
ERROR - P002-7860
ERROR - P002-7861
ERROR - [ValueError] -P002-7862 BasicRequi missing
ERROR - [ValueError] -P002-7864 BasicRequi missing
ERROR - P002-7865
ERROR - P002-7866
ERROR - P002-7867
ERROR - P002-7868
ERROR - P002-7869
ERROR - P002-7870
ERROR - P002-7871
ERROR - P002-7806 invalid literal for int() with base 10: ''
ERROR - P002-7807 invalid literal for int() with base 10: ''
ERROR - P002-7808 invalid literal for int() with base 10: ''
ERROR - P002-7806 invalid literal for int() with base 10: ''
ERROR - P002-7807 invalid literal for int() with base 10: ''
ERROR - P002-7808 invalid literal for int() with base 10: ''
ERROR - P002-7806 invalid literal for int() with base 10: ''
ERROR - P002-7807 invalid literal for int() with base 10: ''
ERROR - P002-7808 invalid literal for int() with base 10: ''
ERROR - P002-7806 invalid literal for int() with base 10: ''
ERROR - P002-7807 invalid literal for int() with base 10: ''
ERROR - P002-7808 invalid literal for int() with base 10: ''
ERROR - P002-7806 invalid literal for int() with base 10: ''
ERROR - P002-7807 invalid literal for int() with base 10: ''
ERROR - P002-7808 invalid literal for int() with base 10: ''
ERROR - P002-7806 invalid literal for int() with base 10: ''
ERROR - P002-7807 invalid literal for int() with base 10: ''
ERROR - P002-7808 invalid literal for int() with base 10: ''
ERROR - P002-7806 invalid literal for int() with base 10: ''
ERROR - P002-7807 invalid literal for int() with base 10: ''
ERROR - P002-7808 invalid literal for int() with base 10: ''
ERROR - P002-7806 invalid literal for int() with base 10: ''
ERROR - P002-7807 invalid literal for int() with base 10: ''
ERROR - P002-7808 invalid literal for int() with base 10: ''
ERROR - P002-7806 invalid literal for int() with base 10: ''
ERROR - P002-7807 invalid literal for int() with base 10: ''
ERROR - P002-7808 invalid literal for int() with base 10: ''
ERROR - P002-7806 invalid literal for int() with base 10: ''
ERROR - P002-7807 invalid literal for int() with base 10: ''
ERROR - P002-7808 invalid literal for int() with base 10: ''
ERROR - P002-7806 invalid literal for int() with base 10: ''
ERROR - P002-7807 invalid literal for int() with base 10: ''
ERROR - P002-7808 invalid literal for int() with base 10: ''
ERROR - [ValueError] -P001-7675 missing user
ERROR - [ValueError] -P001-7676 missing user
ERROR - [ValueError] -P001-7683 missing user
ERROR - [ValueError] -P001-7688 missing user
ERROR - [ValueError] -P001-7691 missing user
ERROR - [ValueError] -P001-7704 [treatmentExternalCopper] - P001-7704 value : 
ERROR - [ValueError] -P001-7719 missing user
ERROR - [ValueError] -P001-7722 missing user
ERROR - [ValueError] -P001-7724 missing user
ERROR - [ValueError] -P001-7738 BasicRequi missing
ERROR - [ValueError] -P001-7739 BasicRequi missing
ERROR - [ValueError] -P001-7740 missing user
ERROR - [ValueError] -P001-7755 missing user
ERROR - [ValueError] -P001-7763 BasicRequi missing
ERROR - [ValueError] -P001-7766 missing user
ERROR - [ValueError] -P001-7767 missing user
ERROR - [ValueError] -P002-7800 [treatmentExternalCopper] - P002-7800 value : 
ERROR - [ValueError] -P002-7804 missing user
ERROR - [ValueError] -P002-7805 missing user
ERROR - [ValueError] -P002-7809 missing user
ERROR - [ValueError] -P002-7814 [treatmentLayer] - P002-7814 value : 0
ERROR - [ValueError] -P002-7862 BasicRequi missing
ERROR - [ValueError] -P002-7864 BasicRequi missing
ERROR - [ValueError] -P002-7899 BasicRequi missing
ERROR - [ValueError] -P002-7913 [treatmentExternalCopper] - P002-7913 value : 
ERROR - P002-7806 invalid literal for int() with base 10: ''
ERROR - P002-7807 invalid literal for int() with base 10: ''
ERROR - P002-7808 invalid literal for int() with base 10: ''
ERROR - [ValueError] -P001-7675 missing user
ERROR - [ValueError] -P001-7676 missing user
ERROR - [ValueError] -P001-7683 missing user
ERROR - [ValueError] -P001-7688 missing user
ERROR - [ValueError] -P001-7691 missing user
ERROR - [ValueError] -P001-7704 [treatmentExternalCopper] - P001-7704 value : 
ERROR - [ValueError] -P001-7719 missing user
ERROR - [ValueError] -P001-7722 missing user
ERROR - [ValueError] -P001-7724 missing user
ERROR - [ValueError] -P001-7738 BasicRequi missing
ERROR - [ValueError] -P001-7739 BasicRequi missing
ERROR - [ValueError] -P001-7740 missing user
ERROR - [ValueError] -P001-7755 missing user
ERROR - [ValueError] -P001-7763 BasicRequi missing
ERROR - [ValueError] -P001-7766 missing user
ERROR - [ValueError] -P001-7767 missing user
ERROR - [ValueError] -P002-7800 [treatmentExternalCopper] - P002-7800 value : 
ERROR - [ValueError] -P002-7804 missing user
ERROR - [ValueError] -P002-7805 missing user
ERROR - [ValueError] -P002-7809 missing user
ERROR - [ValueError] -P002-7814 [treatmentLayer] - P002-7814 value : 0
ERROR - P002-7806 invalid literal for int() with base 10: ''
ERROR - P002-7807 invalid literal for int() with base 10: ''
ERROR - P002-7808 invalid literal for int() with base 10: ''
ERROR - P002-7806 invalid literal for int() with base 10: ''
ERROR - P002-7807 invalid literal for int() with base 10: ''
ERROR - P002-7808 invalid literal for int() with base 10: ''
ERROR - [ValueError] -P001-7675 missing user
ERROR - [ValueError] -P001-7676 missing user
ERROR - [ValueError] -P001-7683 missing user
ERROR - [ValueError] -P001-7688 missing user
ERROR - [ValueError] -P001-7691 missing user
ERROR - [ValueError] -P001-7704 [treatmentExternalCopper] - P001-7704 value : 
ERROR - [ValueError] -P001-7719 missing user
ERROR - [ValueError] -P001-7722 missing user
ERROR - [ValueError] -P001-7724 missing user
ERROR - [ValueError] -P001-7738 BasicRequi missing
ERROR - [ValueError] -P001-7739 BasicRequi missing
ERROR - [ValueError] -P001-7740 missing user
ERROR - [ValueError] -P001-7755 missing user
ERROR - [ValueError] -P001-7763 BasicRequi missing
ERROR - [ValueError] -P001-7766 missing user
ERROR - [ValueError] -P001-7767 missing user
ERROR - [ValueError] -P002-7800 [treatmentExternalCopper] - P002-7800 value : 
ERROR - [ValueError] -P002-7804 missing user
ERROR - [ValueError] -P002-7805 missing user
ERROR - [ValueError] -P002-7809 missing user
ERROR - [ValueError] -P002-7814 [treatmentLayer] - P002-7814 value : 0
ERROR - [ValueError] -P002-7862 BasicRequi missing
ERROR - [ValueError] -P002-7864 BasicRequi missing
